#
# A fatal error has been detected by the Java Runtime Environment:
#
#  SIGSEGV (0xb) at pc=0x00000001138465e4, pid=937, tid=0x0000000000011217
#
# JRE version: Java(TM) SE Runtime Environment (8.0_121-b13) (build 1.8.0_121-b13)
# Java VM: Java HotSpot(TM) 64-Bit Server VM (25.121-b13 mixed mode bsd-amd64 compressed oops)
# Problematic frame:
# C  [libgdx64.dylib+0x2b5e4]  get_pixel_alpha+0x4
#
# Failed to write core dump. Core dumps have been disabled. To enable core dumping, try "ulimit -c unlimited" before starting Java again
#
# If you would like to submit a bug report, please visit:
#   http://bugreport.java.com/bugreport/crash.jsp
# The crash happened outside the Java Virtual Machine in native code.
# See problematic frame for where to report the bug.
#

---------------  T H R E A D  ---------------

Current thread (0x00007fd8e430c000):  JavaThread "LWJGL Application" [_thread_in_native, id=70167, stack(0x000070000b0c8000,0x000070000b1c8000)]

siginfo: si_signo: 11 (SIGSEGV), si_code: 1 (SEGV_MAPERR), si_addr: 0x0000000186b69cb2

Registers:
RAX=0x00000001138465e0, RBX=0x0000000000000000, RCX=0x0000000071279cb0, RDX=0x0000000071279cb0
RSP=0x000070000b1c72a0, RBP=0x000070000b1c72a0, RSI=0x0000000000000000, RDI=0x0000000186b69cb2
R8 =0x0000000000000002, R9 =0x0000000000000003, R10=0x00000001160649c8, R11=0x000000010d67e067
R12=0x0000000000000000, R13=0x0000000110ae67a8, R14=0x000070000b1c7368, R15=0x00007fd8e430c000
RIP=0x00000001138465e4, EFLAGS=0x0000000000010206, ERR=0x0000000000000004
  TRAPNO=0x000000000000000e

Top of Stack: (sp=0x000070000b1c72a0)
0x000070000b1c72a0:   000070000b1c72c0 0000000113827253
0x000070000b1c72b0:   00007fd8e24f7f70 0000000110ae67a8
0x000070000b1c72c0:   000070000b1c7330 00000001160649f4
0x000070000b1c72d0:   000070000b1c7310 00000001138275c4
0x000070000b1c72e0:   0000020010ae5460 0000000000001140
0x000070000b1c72f0:   000070000b1c72f0 0000000000000000
0x000070000b1c7300:   000070000b1c7368 0000000110ae6e98
0x000070000b1c7310:   0000000000000000 0000000110ae67a8
0x000070000b1c7320:   0000000000000000 000070000b1c7350
0x000070000b1c7330:   000070000b1c73b0 0000000116054d00
0x000070000b1c7340:   00000006c2448410 000000011605e536
0x000070000b1c7350:   0000000000000002 0000000000000000
0x000070000b1c7360:   00007fd8e24f7f70 0000000000000000
0x000070000b1c7370:   000070000b1c7370 0000000110ae54ee
0x000070000b1c7380:   000070000b1c73d0 0000000110ae6e98
0x000070000b1c7390:   0000000131ba7e98 0000000110ae5520
0x000070000b1c73a0:   000070000b1c7350 000070000b1c73c0
0x000070000b1c73b0:   000070000b1c7418 0000000116054d00
0x000070000b1c73c0:   0000000000000002 0000000000000000
0x000070000b1c73d0:   00000006cf292528 000070000b1c73d8
0x000070000b1c73e0:   00000001109f3a5e 000070000b1c7438
0x000070000b1c73f0:   0000000110ae2ec0 0000000131ba7d30
0x000070000b1c7400:   00000001109f3a90 000070000b1c73c0
0x000070000b1c7410:   000070000b1c7428 000070000b1c7498
0x000070000b1c7420:   0000000116054d00 0000000000000002
0x000070000b1c7430:   0000000000000000 00000006cf292510
0x000070000b1c7440:   0000000000000001 0000000000000000
0x000070000b1c7450:   000000076c4bdca8 000070000b1c7458
0x000070000b1c7460:   0000000131b8d9ff 000070000b1c74d0
0x000070000b1c7470:   0000000131b8e198 0000000000000000
0x000070000b1c7480:   0000000131b8dae8 000070000b1c7428
0x000070000b1c7490:   000070000b1c74d0 000070000b1c7518 

Instructions: (pc=0x00000001138465e4)
0x00000001138465c4:   34 fe 00 00 48 8d 0d 20 01 01 00 ba 0c 0e 00 00
0x00000001138465d4:   e8 9d ed 00 00 0f 1f 80 00 00 00 00 55 48 89 e5
0x00000001138465e4:   0f b6 07 5d c3 0f 1f 80 00 00 00 00 55 48 89 e5
0x00000001138465f4:   0f b6 0f c1 e1 08 0f b6 47 01 09 c8 5d c3 66 66 

Register to memory mapping:

RAX=0x00000001138465e0: get_pixel_alpha+0 in /private/var/folders/6j/chlscnr11392t8q1nqg121b00000gn/T/libgdxnbaumgartner/6c379ad2/libgdx64.dylib at 0x000000011381b000
RBX=0x0000000000000000 is an unknown value
RCX=0x0000000071279cb0 is an unknown value
RDX=0x0000000071279cb0 is an unknown value
RSP=0x000070000b1c72a0 is pointing into the stack for thread: 0x00007fd8e430c000
RBP=0x000070000b1c72a0 is pointing into the stack for thread: 0x00007fd8e430c000
RSI=0x0000000000000000 is an unknown value
RDI=0x0000000186b69cb2 is an unknown value
R8 =0x0000000000000002 is an unknown value
R9 =0x0000000000000003 is an unknown value
R10=0x00000001160649c8 is at code_begin+808 in an Interpreter codelet
method entry point (kind = native)  [0x00000001160646a0, 0x0000000116064fa0]  2304 bytes
R11=0x000000010d67e067: throw_unsatisfied_link_error+0 in /Library/Java/JavaVirtualMachines/jdk1.8.0_121.jdk/Contents/Home/jre/lib/server/libjvm.dylib at 0x000000010d19a000
R12=0x0000000000000000 is an unknown value
R13={method} {0x0000000110ae67a8} 'getPixel' '(JII)I' in 'com/badlogic/gdx/graphics/g2d/Gdx2DPixmap'
R14=0x000070000b1c7368 is pointing into the stack for thread: 0x00007fd8e430c000
R15=0x00007fd8e430c000 is a thread


Stack: [0x000070000b0c8000,0x000070000b1c8000],  sp=0x000070000b1c72a0,  free space=1020k
Native frames: (J=compiled Java code, j=interpreted, Vv=VM code, C=native code)
C  [libgdx64.dylib+0x2b5e4]  get_pixel_alpha+0x4
C  [libgdx64.dylib+0xc253]  gdx2d_get_pixel+0x63
j  com.badlogic.gdx.graphics.g2d.Gdx2DPixmap.getPixel(JII)I+0
j  com.badlogic.gdx.graphics.g2d.Gdx2DPixmap.getPixel(II)I+6
j  com.badlogic.gdx.graphics.Pixmap.getPixel(II)I+6
j  com.gof.world.WorldToPNG.merge4PixmapTogether(Ljava/util/List;)Lcom/badlogic/gdx/graphics/Pixmap;+95
j  com.gof.world.WorldToPNG.saveToImage(Lcom/gof/world/TileWorld;)V+74
j  com.gof.menu.OptionMenu$1.run()V+6
j  com.gof.menu.SimpleMenuRunnableItem.select()V+4
j  com.gof.menu.SimpleMenu.select()V+31
j  com.gof.menu.SimpleMenu.update(Lcom/gof/inputs/GamePad;)Z+130
j  com.gof.menu.MenuHandler.updateInput(Lcom/gof/inputs/GamePad;)V+12
j  com.gof.profiles.User.updateUserInputs()V+22
j  com.gof.profiles.UserHandler.updateUserInputs()V+23
j  com.gof.game.Main.render()V+23
j  com.badlogic.gdx.backends.lwjgl.LwjglApplication.mainLoop()V+698
j  com.badlogic.gdx.backends.lwjgl.LwjglApplication$1.run()V+27
v  ~StubRoutines::call_stub
V  [libjvm.dylib+0x2ed9d6]  JavaCalls::call_helper(JavaValue*, methodHandle*, JavaCallArguments*, Thread*)+0x6ae
V  [libjvm.dylib+0x2ee164]  JavaCalls::call_virtual(JavaValue*, KlassHandle, Symbol*, Symbol*, JavaCallArguments*, Thread*)+0x164
V  [libjvm.dylib+0x2ee310]  JavaCalls::call_virtual(JavaValue*, Handle, KlassHandle, Symbol*, Symbol*, Thread*)+0x4a
V  [libjvm.dylib+0x348a5d]  thread_entry(JavaThread*, Thread*)+0x7c
V  [libjvm.dylib+0x56ab0f]  JavaThread::thread_main_inner()+0x9b
V  [libjvm.dylib+0x56c1fc]  JavaThread::run()+0x1c2
V  [libjvm.dylib+0x48a5b2]  java_start(Thread*)+0xf6
C  [libsystem_pthread.dylib+0x3661]  _pthread_body+0x154
C  [libsystem_pthread.dylib+0x350d]  _pthread_body+0x0
C  [libsystem_pthread.dylib+0x2bf9]  thread_start+0xd
C  0x0000000000000000

Java frames: (J=compiled Java code, j=interpreted, Vv=VM code)
j  com.badlogic.gdx.graphics.g2d.Gdx2DPixmap.getPixel(JII)I+0
j  com.badlogic.gdx.graphics.g2d.Gdx2DPixmap.getPixel(II)I+6
j  com.badlogic.gdx.graphics.Pixmap.getPixel(II)I+6
j  com.gof.world.WorldToPNG.merge4PixmapTogether(Ljava/util/List;)Lcom/badlogic/gdx/graphics/Pixmap;+95
j  com.gof.world.WorldToPNG.saveToImage(Lcom/gof/world/TileWorld;)V+74
j  com.gof.menu.OptionMenu$1.run()V+6
j  com.gof.menu.SimpleMenuRunnableItem.select()V+4
j  com.gof.menu.SimpleMenu.select()V+31
j  com.gof.menu.SimpleMenu.update(Lcom/gof/inputs/GamePad;)Z+130
j  com.gof.menu.MenuHandler.updateInput(Lcom/gof/inputs/GamePad;)V+12
j  com.gof.profiles.User.updateUserInputs()V+22
j  com.gof.profiles.UserHandler.updateUserInputs()V+23
j  com.gof.game.Main.render()V+23
j  com.badlogic.gdx.backends.lwjgl.LwjglApplication.mainLoop()V+698
j  com.badlogic.gdx.backends.lwjgl.LwjglApplication$1.run()V+27
v  ~StubRoutines::call_stub

---------------  P R O C E S S  ---------------

Java Threads: ( => current thread )
  0x00007fd8e30fc800 JavaThread "AWT-Shutdown" [_thread_blocked, id=26123, stack(0x000070000acb3000,0x000070000adb3000)]
  0x00007fd8e44c5800 JavaThread "AsynchExecutor-Thread" daemon [_thread_blocked, id=62219, stack(0x000070000b1cb000,0x000070000b2cb000)]
  0x00007fd8e29f5000 JavaThread "DestroyJavaVM" [_thread_blocked, id=10243, stack(0x0000700009e89000,0x0000700009f89000)]
=>0x00007fd8e430c000 JavaThread "LWJGL Application" [_thread_in_native, id=70167, stack(0x000070000b0c8000,0x000070000b1c8000)]
  0x00007fd8e425a800 JavaThread "AppKit Thread" daemon [_thread_in_native, id=775, stack(0x00007ffee229f000,0x00007ffee2a9f000)]
  0x00007fd8e3017000 JavaThread "Service Thread" daemon [_thread_blocked, id=14339, stack(0x000070000aaad000,0x000070000abad000)]
  0x00007fd8e281f000 JavaThread "C1 CompilerThread2" daemon [_thread_blocked, id=17667, stack(0x000070000a9aa000,0x000070000aaaa000)]
  0x00007fd8e281e800 JavaThread "C2 CompilerThread1" daemon [_thread_blocked, id=17923, stack(0x000070000a8a7000,0x000070000a9a7000)]
  0x00007fd8e281c800 JavaThread "C2 CompilerThread0" daemon [_thread_blocked, id=18179, stack(0x000070000a7a4000,0x000070000a8a4000)]
  0x00007fd8e2806000 JavaThread "Signal Dispatcher" daemon [_thread_blocked, id=18695, stack(0x000070000a6a1000,0x000070000a7a1000)]
  0x00007fd8e3020000 JavaThread "Finalizer" daemon [_thread_blocked, id=20483, stack(0x000070000a59e000,0x000070000a69e000)]
  0x00007fd8e301d000 JavaThread "Reference Handler" daemon [_thread_blocked, id=20739, stack(0x000070000a49b000,0x000070000a59b000)]

Other Threads:
  0x00007fd8e3018800 VMThread [stack: 0x000070000a398000,0x000070000a498000] [id=21251]
  0x00007fd8e4023000 WatcherThread [stack: 0x000070000abb0000,0x000070000acb0000] [id=14851]

VM state:not at safepoint (normal execution)

VM Mutex/Monitor currently owned by a thread: None

Heap:
 PSYoungGen      total 272896K, used 43347K [0x000000076ab00000, 0x0000000791d00000, 0x00000007c0000000)
  eden space 262144K, 12% used [0x000000076ab00000,0x000000076cbe5010,0x000000077ab00000)
  from space 10752K, 89% used [0x000000077ab00000,0x000000077b46fe08,0x000000077b580000)
  to   space 177664K, 0% used [0x0000000786f80000,0x0000000786f80000,0x0000000791d00000)
 ParOldGen       total 731136K, used 407426K [0x00000006c0000000, 0x00000006eca00000, 0x000000076ab00000)
  object space 731136K, 55% used [0x00000006c0000000,0x00000006d8de0938,0x00000006eca00000)
 Metaspace       used 9829K, capacity 9987K, committed 10240K, reserved 1058816K
  class space    used 975K, capacity 1016K, committed 1024K, reserved 1048576K

Card table byte_map: [0x000000010edc0000,0x000000010f5c1000] byte_map_base: 0x000000010b7c0000

Marking Bits: (ParMarkBitMap*) 0x000000010da8ad30
 Begin Bits: [0x000000012504d000, 0x000000012904d000)
 End Bits:   [0x000000012904d000, 0x000000012d04d000)

Polling page: 0x000000010e17f000

CodeCache: size=245760Kb used=5531Kb max_used=5554Kb free=240228Kb
 bounds [0x000000011604d000, 0x00000001165cd000, 0x000000012504d000]
 total_blobs=1948 nmethods=1494 adapters=368
 compilation: enabled

Compilation events (10 events):
Event: 10.777 Thread 0x00007fd8e281f000 1490       3       java.util.zip.DeflaterOutputStream::write (21 bytes)
Event: 10.777 Thread 0x00007fd8e281f000 nmethod 1490 0x00000001165a5d10 code [0x00000001165a5e80, 0x00000001165a60a8]
Event: 10.937 Thread 0x00007fd8e281e800 1491 %     4       com.badlogic.gdx.graphics.PixmapIO$PNG::write @ 530 (763 bytes)
Event: 10.982 Thread 0x00007fd8e281e800 nmethod 1491% 0x00000001165af350 code [0x00000001165af6c0, 0x00000001165b3368]
Event: 10.982 Thread 0x00007fd8e281c800 1492       4       com.badlogic.gdx.graphics.PixmapIO$PNG::write (763 bytes)
Event: 11.052 Thread 0x00007fd8e281c800 nmethod 1492 0x00000001165bc010 code [0x00000001165bc480, 0x00000001165c0540]
Event: 11.140 Thread 0x00007fd8e281f000 1493       3       java.io.File::<init> (47 bytes)
Event: 11.140 Thread 0x00007fd8e281f000 nmethod 1493 0x00000001165a5050 code [0x00000001165a5220, 0x00000001165a5968]
Event: 11.175 Thread 0x00007fd8e281f000 1494       3       java.io.ByteArrayOutputStream::ensureCapacity (16 bytes)
Event: 11.175 Thread 0x00007fd8e281f000 nmethod 1494 0x00000001165a4c50 code [0x00000001165a4dc0, 0x00000001165a4fa8]

GC Heap History (10 events):
Event: 3.182 GC heap before
{Heap before GC invocations=3 (full 0):
 PSYoungGen      total 141824K, used 141824K [0x000000076ab00000, 0x0000000774000000, 0x00000007c0000000)
  eden space 131072K, 100% used [0x000000076ab00000,0x0000000772b00000,0x0000000772b00000)
  from space 10752K, 100% used [0x0000000773580000,0x0000000774000000,0x0000000774000000)
  to   space 10752K, 0% used [0x0000000772b00000,0x0000000772b00000,0x0000000773580000)
 ParOldGen       total 175104K, used 98027K [0x00000006c0000000, 0x00000006cab00000, 0x000000076ab00000)
  object space 175104K, 55% used [0x00000006c0000000,0x00000006c5fbada8,0x00000006cab00000)
 Metaspace       used 9600K, capacity 9731K, committed 9984K, reserved 1058816K
  class space    used 966K, capacity 1016K, committed 1024K, reserved 1048576K
Event: 3.366 GC heap after
Heap after GC invocations=3 (full 0):
 PSYoungGen      total 141824K, used 10720K [0x000000076ab00000, 0x000000077c000000, 0x00000007c0000000)
  eden space 131072K, 0% used [0x000000076ab00000,0x000000076ab00000,0x0000000772b00000)
  from space 10752K, 99% used [0x0000000772b00000,0x0000000773578010,0x0000000773580000)
  to   space 10752K, 0% used [0x000000077b580000,0x000000077b580000,0x000000077c000000)
 ParOldGen       total 178688K, used 177369K [0x00000006c0000000, 0x00000006cae80000, 0x000000076ab00000)
  object space 178688K, 99% used [0x00000006c0000000,0x00000006cad366a8,0x00000006cae80000)
 Metaspace       used 9600K, capacity 9731K, committed 9984K, reserved 1058816K
  class space    used 966K, capacity 1016K, committed 1024K, reserved 1048576K
}
Event: 3.366 GC heap before
{Heap before GC invocations=4 (full 1):
 PSYoungGen      total 141824K, used 10720K [0x000000076ab00000, 0x000000077c000000, 0x00000007c0000000)
  eden space 131072K, 0% used [0x000000076ab00000,0x000000076ab00000,0x0000000772b00000)
  from space 10752K, 99% used [0x0000000772b00000,0x0000000773578010,0x0000000773580000)
  to   space 10752K, 0% used [0x000000077b580000,0x000000077b580000,0x000000077c000000)
 ParOldGen       total 178688K, used 177369K [0x00000006c0000000, 0x00000006cae80000, 0x000000076ab00000)
  object space 178688K, 99% used [0x00000006c0000000,0x00000006cad366a8,0x00000006cae80000)
 Metaspace       used 9600K, capacity 9731K, committed 9984K, reserved 1058816K
  class space    used 966K, capacity 1016K, committed 1024K, reserved 1048576K
Event: 3.942 GC heap after
Heap after GC invocations=4 (full 1):
 PSYoungGen      total 141824K, used 479K [0x000000076ab00000, 0x000000077c000000, 0x00000007c0000000)
  eden space 131072K, 0% used [0x000000076ab00000,0x000000076ab00000,0x0000000772b00000)
  from space 10752K, 4% used [0x0000000772b00000,0x0000000772b77d30,0x0000000773580000)
  to   space 10752K, 0% used [0x000000077b580000,0x000000077b580000,0x000000077c000000)
 ParOldGen       total 368128K, used 178512K [0x00000006c0000000, 0x00000006d6780000, 0x000000076ab00000)
  object space 368128K, 48% used [0x00000006c0000000,0x00000006cae541d0,0x00000006d6780000)
 Metaspace       used 9600K, capacity 9731K, committed 9984K, reserved 1058816K
  class space    used 966K, capacity 1016K, committed 1024K, reserved 1048576K
}
Event: 7.358 GC heap before
{Heap before GC invocations=5 (full 1):
 PSYoungGen      total 141824K, used 131551K [0x000000076ab00000, 0x000000077c000000, 0x00000007c0000000)
  eden space 131072K, 100% used [0x000000076ab00000,0x0000000772b00000,0x0000000772b00000)
  from space 10752K, 4% used [0x0000000772b00000,0x0000000772b77d30,0x0000000773580000)
  to   space 10752K, 0% used [0x000000077b580000,0x000000077b580000,0x000000077c000000)
 ParOldGen       total 368128K, used 178512K [0x00000006c0000000, 0x00000006d6780000, 0x000000076ab00000)
  object space 368128K, 48% used [0x00000006c0000000,0x00000006cae541d0,0x00000006d6780000)
 Metaspace       used 9746K, capacity 9859K, committed 9984K, reserved 1058816K
  class space    used 970K, capacity 1016K, committed 1024K, reserved 1048576K
Event: 7.452 GC heap after
Heap after GC invocations=5 (full 1):
 PSYoungGen      total 200704K, used 10752K [0x000000076ab00000, 0x000000077c000000, 0x00000007c0000000)
  eden space 189952K, 0% used [0x000000076ab00000,0x000000076ab00000,0x0000000776480000)
  from space 10752K, 100% used [0x000000077b580000,0x000000077c000000,0x000000077c000000)
  to   space 10752K, 0% used [0x000000077ab00000,0x000000077ab00000,0x000000077b580000)
 ParOldGen       total 368128K, used 225685K [0x00000006c0000000, 0x00000006d6780000, 0x000000076ab00000)
  object space 368128K, 61% used [0x00000006c0000000,0x00000006cdc654c0,0x00000006d6780000)
 Metaspace       used 9746K, capacity 9859K, committed 9984K, reserved 1058816K
  class space    used 970K, capacity 1016K, committed 1024K, reserved 1048576K
}
Event: 8.150 GC heap before
{Heap before GC invocations=6 (full 1):
 PSYoungGen      total 200704K, used 200704K [0x000000076ab00000, 0x000000077c000000, 0x00000007c0000000)
  eden space 189952K, 100% used [0x000000076ab00000,0x0000000776480000,0x0000000776480000)
  from space 10752K, 100% used [0x000000077b580000,0x000000077c000000,0x000000077c000000)
  to   space 10752K, 0% used [0x000000077ab00000,0x000000077ab00000,0x000000077b580000)
 ParOldGen       total 368128K, used 225685K [0x00000006c0000000, 0x00000006d6780000, 0x000000076ab00000)
  object space 368128K, 61% used [0x00000006c0000000,0x00000006cdc654c0,0x00000006d6780000)
 Metaspace       used 9751K, capacity 9859K, committed 9984K, reserved 1058816K
  class space    used 970K, capacity 1016K, committed 1024K, reserved 1048576K
Event: 8.362 GC heap after
Heap after GC invocations=6 (full 1):
 PSYoungGen      total 272896K, used 10752K [0x000000076ab00000, 0x0000000791d00000, 0x00000007c0000000)
  eden space 262144K, 0% used [0x000000076ab00000,0x000000076ab00000,0x000000077ab00000)
  from space 10752K, 100% used [0x000000077ab00000,0x000000077b580000,0x000000077b580000)
  to   space 177664K, 0% used [0x0000000786f80000,0x0000000786f80000,0x0000000791d00000)
 ParOldGen       total 407552K, used 407451K [0x00000006c0000000, 0x00000006d8e00000, 0x000000076ab00000)
  object space 407552K, 99% used [0x00000006c0000000,0x00000006d8de6ec0,0x00000006d8e00000)
 Metaspace       used 9751K, capacity 9859K, committed 9984K, reserved 1058816K
  class space    used 970K, capacity 1016K, committed 1024K, reserved 1048576K
}
Event: 8.362 GC heap before
{Heap before GC invocations=7 (full 2):
 PSYoungGen      total 272896K, used 10752K [0x000000076ab00000, 0x0000000791d00000, 0x00000007c0000000)
  eden space 262144K, 0% used [0x000000076ab00000,0x000000076ab00000,0x000000077ab00000)
  from space 10752K, 100% used [0x000000077ab00000,0x000000077b580000,0x000000077b580000)
  to   space 177664K, 0% used [0x0000000786f80000,0x0000000786f80000,0x0000000791d00000)
 ParOldGen       total 407552K, used 407451K [0x00000006c0000000, 0x00000006d8e00000, 0x000000076ab00000)
  object space 407552K, 99% used [0x00000006c0000000,0x00000006d8de6ec0,0x00000006d8e00000)
 Metaspace       used 9751K, capacity 9859K, committed 9984K, reserved 1058816K
  class space    used 970K, capacity 1016K, committed 1024K, reserved 1048576K
Event: 10.306 GC heap after
Heap after GC invocations=7 (full 2):
 PSYoungGen      total 272896K, used 9663K [0x000000076ab00000, 0x0000000791d00000, 0x00000007c0000000)
  eden space 262144K, 0% used [0x000000076ab00000,0x000000076ab00000,0x000000077ab00000)
  from space 10752K, 89% used [0x000000077ab00000,0x000000077b46fe08,0x000000077b580000)
  to   space 177664K, 0% used [0x0000000786f80000,0x0000000786f80000,0x0000000791d00000)
 ParOldGen       total 731136K, used 407426K [0x00000006c0000000, 0x00000006eca00000, 0x000000076ab00000)
  object space 731136K, 55% used [0x00000006c0000000,0x00000006d8de0938,0x00000006eca00000)
 Metaspace       used 9751K, capacity 9859K, committed 9984K, reserved 1058816K
  class space    used 970K, capacity 1016K, committed 1024K, reserved 1048576K
}

Deoptimization events (10 events):
Event: 2.584 Thread 0x00007fd8e430c000 Uncommon trap: reason=predicate action=maybe_recompile pc=0x00000001163fa38c method=java.util.ArrayList.remove(Ljava/lang/Object;)Z @ 49
Event: 5.720 Thread 0x00007fd8e430c000 Uncommon trap: reason=null_check action=make_not_entrant pc=0x00000001164fbc24 method=com.badlogic.gdx.utils.ObjectMap.containsKey(Ljava/lang/Object;)Z @ 57
Event: 5.722 Thread 0x00007fd8e430c000 Uncommon trap: reason=class_check action=maybe_recompile pc=0x00000001164bb19c method=com.badlogic.gdx.utils.ObjectMap.get(Ljava/lang/Object;)Ljava/lang/Object; @ 38
Event: 5.722 Thread 0x00007fd8e430c000 Uncommon trap: reason=class_check action=maybe_recompile pc=0x00000001164bb19c method=com.badlogic.gdx.utils.ObjectMap.get(Ljava/lang/Object;)Ljava/lang/Object; @ 38
Event: 5.722 Thread 0x00007fd8e430c000 Uncommon trap: reason=class_check action=maybe_recompile pc=0x00000001164bb19c method=com.badlogic.gdx.utils.ObjectMap.get(Ljava/lang/Object;)Ljava/lang/Object; @ 38
Event: 6.287 Thread 0x00007fd8e430c000 Uncommon trap: reason=unstable_if action=reinterpret pc=0x000000011645d154 method=com.badlogic.gdx.graphics.g2d.SpriteBatch.flush()V @ 41
Event: 6.287 Thread 0x00007fd8e430c000 Uncommon trap: reason=null_check action=make_not_entrant pc=0x00000001165305d0 method=com.badlogic.gdx.utils.ObjectMap.containsKey(Ljava/lang/Object;)Z @ 38
Event: 7.198 Thread 0x00007fd8e430c000 Uncommon trap: reason=unstable_if action=reinterpret pc=0x00000001163ef3e8 method=com.gof.world.TileWorld.getChunk(II)Lcom/gof/world/Chunk; @ 43
Event: 10.475 Thread 0x00007fd8e430c000 Uncommon trap: reason=unstable_if action=reinterpret pc=0x000000011658cba8 method=com.gof.world.WorldToPNG.renderPixmap()Lcom/badlogic/gdx/graphics/Pixmap; @ 98
Event: 10.810 Thread 0x00007fd8e430c000 Uncommon trap: reason=unstable_if action=reinterpret pc=0x00000001165a8ff0 method=com.badlogic.gdx.graphics.PixmapIO$PNG.write(Ljava/io/OutputStream;Lcom/badlogic/gdx/graphics/Pixmap;)V @ 317

Internal exceptions (10 events):
Event: 0.548 Thread 0x00007fd8e3803000 Exception <a 'java/security/PrivilegedActionException'> (0x000000076b0e38e8) thrown at [/Users/java_re/workspace/8-2-build-macosx-x86_64/jdk8u121/8372/hotspot/src/share/vm/prims/jvm.cpp, line 1390]
Event: 0.548 Thread 0x00007fd8e3803000 Exception <a 'java/security/PrivilegedActionException'> (0x000000076b0e4510) thrown at [/Users/java_re/workspace/8-2-build-macosx-x86_64/jdk8u121/8372/hotspot/src/share/vm/prims/jvm.cpp, line 1390]
Event: 1.068 Thread 0x00007fd8e430c000 Exception <a 'java/lang/ArrayIndexOutOfBoundsException': 18> (0x000000076c414ab8) thrown at [/Users/java_re/workspace/8-2-build-macosx-x86_64/jdk8u121/8372/hotspot/src/share/vm/interpreter/interpreterRuntime.cpp, line 366]
Event: 1.069 Thread 0x00007fd8e430c000 Exception <a 'java/lang/ArrayIndexOutOfBoundsException': 67> (0x000000076c415a38) thrown at [/Users/java_re/workspace/8-2-build-macosx-x86_64/jdk8u121/8372/hotspot/src/share/vm/interpreter/interpreterRuntime.cpp, line 366]
Event: 2.163 Thread 0x00007fd8e430c000 Implicit null exception at 0x00000001163dbf35 to 0x00000001163dc241
Event: 2.283 Thread 0x00007fd8e430c000 Implicit null exception at 0x0000000116411ff1 to 0x000000011641240d
Event: 2.283 Thread 0x00007fd8e430c000 Implicit null exception at 0x000000011640d4e3 to 0x000000011640d6dd
Event: 2.410 Thread 0x00007fd8e430c000 Implicit null exception at 0x0000000116417670 to 0x0000000116417d45
Event: 5.720 Thread 0x00007fd8e430c000 Implicit null exception at 0x00000001164fb9fe to 0x00000001164fbc0d
Event: 6.287 Thread 0x00007fd8e430c000 Implicit null exception at 0x00000001165302a7 to 0x00000001165305b6

Events (10 events):
Event: 10.810 Thread 0x00007fd8e430c000 DEOPT PACKING pc=0x00000001165a8ff0 sp=0x000070000b1c7250
Event: 10.810 Thread 0x00007fd8e430c000 DEOPT UNPACKING pc=0x0000000116052229 sp=0x000070000b1c7200 mode 2
Event: 10.824 Thread 0x00007fd8e430c000 DEOPT PACKING pc=0x000000011657b8a3 sp=0x000070000b1c7390
Event: 10.824 Thread 0x00007fd8e430c000 DEOPT UNPACKING pc=0x0000000116094633 sp=0x000070000b1c7158 mode 0
Event: 10.982 Thread 0x00007fd8e430c000 DEOPT PACKING pc=0x000000011659cac8 sp=0x000070000b1c7170
Event: 10.982 Thread 0x00007fd8e430c000 DEOPT UNPACKING pc=0x0000000116094633 sp=0x000070000b1c6f80 mode 0
Event: 11.014 Thread 0x00007fd8e430c000 DEOPT PACKING pc=0x000000011657b8a3 sp=0x000070000b1c7390
Event: 11.014 Thread 0x00007fd8e430c000 DEOPT UNPACKING pc=0x0000000116094633 sp=0x000070000b1c7158 mode 0
Event: 11.199 Thread 0x00007fd8e430c000 DEOPT PACKING pc=0x000000011657b8a3 sp=0x000070000b1c7390
Event: 11.199 Thread 0x00007fd8e430c000 DEOPT UNPACKING pc=0x0000000116094633 sp=0x000070000b1c7158 mode 0


Dynamic libraries:
0x0000000019aaa000 	/System/Library/Frameworks/Cocoa.framework/Versions/A/Cocoa
0x0000000019aaa000 	/System/Library/Frameworks/Security.framework/Versions/A/Security
0x0000000019aaa000 	/System/Library/Frameworks/ApplicationServices.framework/Versions/A/ApplicationServices
0x0000000019aaa000 	/usr/lib/libz.1.dylib
0x0000000019aaa000 	/usr/lib/libSystem.B.dylib
0x0000000019aaa000 	/usr/lib/libobjc.A.dylib
0x0000000019aaa000 	/System/Library/Frameworks/CoreFoundation.framework/Versions/A/CoreFoundation
0x0000000019aaa000 	/System/Library/Frameworks/Foundation.framework/Versions/C/Foundation
0x0000000019aaa000 	/System/Library/Frameworks/AppKit.framework/Versions/C/AppKit
0x0000000019aaa000 	/System/Library/Frameworks/CoreData.framework/Versions/A/CoreData
0x0000000019aaa000 	/System/Library/PrivateFrameworks/RemoteViewServices.framework/Versions/A/RemoteViewServices
0x0000000019aaa000 	/System/Library/PrivateFrameworks/UIFoundation.framework/Versions/A/UIFoundation
0x0000000019aaa000 	/System/Library/PrivateFrameworks/DFRFoundation.framework/Versions/A/DFRFoundation
0x0000000019aaa000 	/System/Library/Frameworks/Metal.framework/Versions/A/Metal
0x0000000019aaa000 	/System/Library/PrivateFrameworks/DesktopServicesPriv.framework/Versions/A/DesktopServicesPriv
0x0000000019aaa000 	/usr/lib/libenergytrace.dylib
0x0000000019aaa000 	/System/Library/PrivateFrameworks/SkyLight.framework/Versions/A/SkyLight
0x0000000019aaa000 	/System/Library/Frameworks/CoreGraphics.framework/Versions/A/CoreGraphics
0x0000000019aaa000 	/usr/lib/libScreenReader.dylib
0x0000000019aaa000 	/System/Library/Frameworks/Accelerate.framework/Versions/A/Accelerate
0x0000000019aaa000 	/System/Library/Frameworks/IOSurface.framework/Versions/A/IOSurface
0x0000000019aaa000 	/System/Library/Frameworks/AudioToolbox.framework/Versions/A/AudioToolbox
0x0000000019aaa000 	/System/Library/Frameworks/AudioUnit.framework/Versions/A/AudioUnit
0x0000000019aaa000 	/System/Library/PrivateFrameworks/DataDetectorsCore.framework/Versions/A/DataDetectorsCore
0x0000000019aaa000 	/System/Library/Frameworks/Carbon.framework/Versions/A/Frameworks/HIToolbox.framework/Versions/A/HIToolbox
0x0000000019aaa000 	/usr/lib/libicucore.A.dylib
0x0000000019aaa000 	/System/Library/Frameworks/QuartzCore.framework/Versions/A/QuartzCore
0x0000000019aaa000 	/System/Library/PrivateFrameworks/SignpostNotification.framework/Versions/A/SignpostNotification
0x0000000019aaa000 	/System/Library/Frameworks/Carbon.framework/Versions/A/Frameworks/SpeechRecognition.framework/Versions/A/SpeechRecognition
0x0000000019aaa000 	/usr/lib/libauto.dylib
0x0000000019aaa000 	/usr/lib/libxml2.2.dylib
0x0000000019aaa000 	/System/Library/PrivateFrameworks/CoreUI.framework/Versions/A/CoreUI
0x0000000019aaa000 	/System/Library/Frameworks/CoreAudio.framework/Versions/A/CoreAudio
0x0000000019aaa000 	/System/Library/Frameworks/DiskArbitration.framework/Versions/A/DiskArbitration
0x0000000019aaa000 	/usr/lib/liblangid.dylib
0x0000000019aaa000 	/System/Library/PrivateFrameworks/MultitouchSupport.framework/Versions/A/MultitouchSupport
0x0000000019aaa000 	/System/Library/Frameworks/IOKit.framework/Versions/A/IOKit
0x0000000019aaa000 	/usr/lib/libDiagnosticMessagesClient.dylib
0x0000000019aaa000 	/System/Library/Frameworks/CoreServices.framework/Versions/A/CoreServices
0x0000000019aaa000 	/System/Library/PrivateFrameworks/PerformanceAnalysis.framework/Versions/A/PerformanceAnalysis
0x0000000019aaa000 	/System/Library/Frameworks/OpenGL.framework/Versions/A/OpenGL
0x0000000019aaa000 	/System/Library/Frameworks/ColorSync.framework/Versions/A/ColorSync
0x0000000019aaa000 	/System/Library/Frameworks/CoreImage.framework/Versions/A/CoreImage
0x0000000019aaa000 	/System/Library/Frameworks/CoreText.framework/Versions/A/CoreText
0x0000000019aaa000 	/System/Library/Frameworks/ImageIO.framework/Versions/A/ImageIO
0x0000000019aaa000 	/System/Library/PrivateFrameworks/Backup.framework/Versions/A/Backup
0x0000000019aaa000 	/usr/lib/libarchive.2.dylib
0x0000000019aaa000 	/System/Library/Frameworks/CFNetwork.framework/Versions/A/CFNetwork
0x0000000019aaa000 	/System/Library/Frameworks/SystemConfiguration.framework/Versions/A/SystemConfiguration
0x0000000019aaa000 	/usr/lib/libCRFSuite.dylib
0x0000000019aaa000 	/usr/lib/libc++.1.dylib
0x0000000019aaa000 	/usr/lib/libc++abi.dylib
0x0000000019aaa000 	/usr/lib/system/libcache.dylib
0x0000000019aaa000 	/usr/lib/system/libcommonCrypto.dylib
0x0000000019aaa000 	/usr/lib/system/libcompiler_rt.dylib
0x0000000019aaa000 	/usr/lib/system/libcopyfile.dylib
0x0000000019aaa000 	/usr/lib/system/libcorecrypto.dylib
0x0000000019aaa000 	/usr/lib/system/libdispatch.dylib
0x0000000019aaa000 	/usr/lib/system/libdyld.dylib
0x0000000019aaa000 	/usr/lib/system/libkeymgr.dylib
0x0000000019aaa000 	/usr/lib/system/liblaunch.dylib
0x0000000019aaa000 	/usr/lib/system/libmacho.dylib
0x0000000019aaa000 	/usr/lib/system/libquarantine.dylib
0x0000000019aaa000 	/usr/lib/system/libremovefile.dylib
0x0000000019aaa000 	/usr/lib/system/libsystem_asl.dylib
0x0000000019aaa000 	/usr/lib/system/libsystem_blocks.dylib
0x0000000019aaa000 	/usr/lib/system/libsystem_c.dylib
0x0000000019aaa000 	/usr/lib/system/libsystem_configuration.dylib
0x0000000019aaa000 	/usr/lib/system/libsystem_coreservices.dylib
0x0000000019aaa000 	/usr/lib/system/libsystem_darwin.dylib
0x0000000019aaa000 	/usr/lib/system/libsystem_dnssd.dylib
0x0000000019aaa000 	/usr/lib/system/libsystem_info.dylib
0x0000000019aaa000 	/usr/lib/system/libsystem_m.dylib
0x0000000019aaa000 	/usr/lib/system/libsystem_malloc.dylib
0x0000000019aaa000 	/usr/lib/system/libsystem_network.dylib
0x0000000019aaa000 	/usr/lib/system/libsystem_networkextension.dylib
0x0000000019aaa000 	/usr/lib/system/libsystem_notify.dylib
0x0000000019aaa000 	/usr/lib/system/libsystem_sandbox.dylib
0x0000000019aaa000 	/usr/lib/system/libsystem_secinit.dylib
0x0000000019aaa000 	/usr/lib/system/libsystem_kernel.dylib
0x0000000019aaa000 	/usr/lib/system/libsystem_platform.dylib
0x0000000019aaa000 	/usr/lib/system/libsystem_pthread.dylib
0x0000000019aaa000 	/usr/lib/system/libsystem_symptoms.dylib
0x0000000019aaa000 	/usr/lib/system/libsystem_trace.dylib
0x0000000019aaa000 	/usr/lib/system/libunwind.dylib
0x0000000019aaa000 	/usr/lib/system/libxpc.dylib
0x0000000019aaa000 	/usr/lib/closure/libclosured.dylib
0x0000000019aaa000 	/usr/lib/libbsm.0.dylib
0x0000000019aaa000 	/usr/lib/system/libkxld.dylib
0x0000000019aaa000 	/usr/lib/libOpenScriptingUtil.dylib
0x0000000019aaa000 	/usr/lib/libcoretls.dylib
0x0000000019aaa000 	/usr/lib/libcoretls_cfhelpers.dylib
0x0000000019aaa000 	/usr/lib/libpam.2.dylib
0x0000000019aaa000 	/usr/lib/libsqlite3.dylib
0x0000000019aaa000 	/usr/lib/libxar.1.dylib
0x0000000019aaa000 	/usr/lib/libbz2.1.0.dylib
0x0000000019aaa000 	/usr/lib/liblzma.5.dylib
0x0000000019aaa000 	/usr/lib/libnetwork.dylib
0x0000000019aaa000 	/usr/lib/libapple_nghttp2.dylib
0x0000000019aaa000 	/usr/lib/libpcap.A.dylib
0x0000000019aaa000 	/usr/lib/libboringssl.dylib
0x0000000019aaa000 	/usr/lib/libusrtcp.dylib
0x0000000019aaa000 	/usr/lib/libapple_crypto.dylib
0x0000000019aaa000 	/System/Library/Frameworks/CoreServices.framework/Versions/A/Frameworks/FSEvents.framework/Versions/A/FSEvents
0x0000000019aaa000 	/System/Library/Frameworks/CoreServices.framework/Versions/A/Frameworks/CarbonCore.framework/Versions/A/CarbonCore
0x0000000019aaa000 	/System/Library/Frameworks/CoreServices.framework/Versions/A/Frameworks/Metadata.framework/Versions/A/Metadata
0x0000000019aaa000 	/System/Library/Frameworks/CoreServices.framework/Versions/A/Frameworks/OSServices.framework/Versions/A/OSServices
0x0000000019aaa000 	/System/Library/Frameworks/CoreServices.framework/Versions/A/Frameworks/SearchKit.framework/Versions/A/SearchKit
0x0000000019aaa000 	/System/Library/Frameworks/CoreServices.framework/Versions/A/Frameworks/AE.framework/Versions/A/AE
0x0000000019aaa000 	/System/Library/Frameworks/CoreServices.framework/Versions/A/Frameworks/LaunchServices.framework/Versions/A/LaunchServices
0x0000000019aaa000 	/System/Library/Frameworks/CoreServices.framework/Versions/A/Frameworks/DictionaryServices.framework/Versions/A/DictionaryServices
0x0000000019aaa000 	/System/Library/Frameworks/CoreServices.framework/Versions/A/Frameworks/SharedFileList.framework/Versions/A/SharedFileList
0x0000000019aaa000 	/System/Library/Frameworks/NetFS.framework/Versions/A/NetFS
0x0000000019aaa000 	/System/Library/PrivateFrameworks/NetAuth.framework/Versions/A/NetAuth
0x0000000019aaa000 	/System/Library/PrivateFrameworks/login.framework/Versions/A/Frameworks/loginsupport.framework/Versions/A/loginsupport
0x0000000019aaa000 	/System/Library/PrivateFrameworks/TCC.framework/Versions/A/TCC
0x0000000019aaa000 	/usr/lib/libmecabra.dylib
0x0000000019aaa000 	/System/Library/Frameworks/ApplicationServices.framework/Versions/A/Frameworks/ATS.framework/Versions/A/ATS
0x0000000019aaa000 	/System/Library/Frameworks/ApplicationServices.framework/Versions/A/Frameworks/ColorSyncLegacy.framework/Versions/A/ColorSyncLegacy
0x0000000019aaa000 	/System/Library/Frameworks/ApplicationServices.framework/Versions/A/Frameworks/HIServices.framework/Versions/A/HIServices
0x0000000019aaa000 	/System/Library/Frameworks/ApplicationServices.framework/Versions/A/Frameworks/LangAnalysis.framework/Versions/A/LangAnalysis
0x0000000019aaa000 	/System/Library/Frameworks/ApplicationServices.framework/Versions/A/Frameworks/PrintCore.framework/Versions/A/PrintCore
0x0000000019aaa000 	/System/Library/Frameworks/ApplicationServices.framework/Versions/A/Frameworks/QD.framework/Versions/A/QD
0x0000000019aaa000 	/System/Library/Frameworks/ApplicationServices.framework/Versions/A/Frameworks/SpeechSynthesis.framework/Versions/A/SpeechSynthesis
0x0000000019aaa000 	/System/Library/Frameworks/CoreDisplay.framework/Versions/A/CoreDisplay
0x0000000019aaa000 	/System/Library/Frameworks/Accelerate.framework/Versions/A/Frameworks/vImage.framework/Versions/A/vImage
0x0000000019aaa000 	/System/Library/Frameworks/Accelerate.framework/Versions/A/Frameworks/vecLib.framework/Versions/A/vecLib
0x0000000019aaa000 	/System/Library/Frameworks/Accelerate.framework/Versions/A/Frameworks/vecLib.framework/Versions/A/libvDSP.dylib
0x0000000019aaa000 	/System/Library/Frameworks/Accelerate.framework/Versions/A/Frameworks/vecLib.framework/Versions/A/libBNNS.dylib
0x0000000019aaa000 	/System/Library/Frameworks/Accelerate.framework/Versions/A/Frameworks/vecLib.framework/Versions/A/libQuadrature.dylib
0x0000000019aaa000 	/System/Library/Frameworks/Accelerate.framework/Versions/A/Frameworks/vecLib.framework/Versions/A/libvMisc.dylib
0x0000000019aaa000 	/System/Library/Frameworks/Accelerate.framework/Versions/A/Frameworks/vecLib.framework/Versions/A/libLAPACK.dylib
0x0000000019aaa000 	/System/Library/Frameworks/Accelerate.framework/Versions/A/Frameworks/vecLib.framework/Versions/A/libBLAS.dylib
0x0000000019aaa000 	/System/Library/Frameworks/Accelerate.framework/Versions/A/Frameworks/vecLib.framework/Versions/A/libLinearAlgebra.dylib
0x0000000019aaa000 	/System/Library/Frameworks/Accelerate.framework/Versions/A/Frameworks/vecLib.framework/Versions/A/libSparse.dylib
0x0000000019aaa000 	/System/Library/Frameworks/Accelerate.framework/Versions/A/Frameworks/vecLib.framework/Versions/A/libSparseBLAS.dylib
0x0000000019aaa000 	/System/Library/PrivateFrameworks/GPUWrangler.framework/Versions/A/GPUWrangler
0x0000000019aaa000 	/System/Library/PrivateFrameworks/IOAccelerator.framework/Versions/A/IOAccelerator
0x0000000019aaa000 	/System/Library/PrivateFrameworks/IOPresentment.framework/Versions/A/IOPresentment
0x0000000019aaa000 	/System/Library/PrivateFrameworks/DSExternalDisplay.framework/Versions/A/DSExternalDisplay
0x0000000019aaa000 	/System/Library/Frameworks/OpenGL.framework/Versions/A/Libraries/libCoreFSCache.dylib
0x0000000019aaa000 	/System/Library/Frameworks/CoreVideo.framework/Versions/A/CoreVideo
0x0000000019aaa000 	/System/Library/PrivateFrameworks/GraphVisualizer.framework/Versions/A/GraphVisualizer
0x0000000019aaa000 	/System/Library/Frameworks/MetalPerformanceShaders.framework/Versions/A/MetalPerformanceShaders
0x0000000019aaa000 	/usr/lib/libFosl_dynamic.dylib
0x0000000019aaa000 	/System/Library/PrivateFrameworks/FaceCore.framework/Versions/A/FaceCore
0x0000000019aaa000 	/System/Library/Frameworks/OpenCL.framework/Versions/A/OpenCL
0x0000000019aaa000 	/usr/lib/libcompression.dylib
0x0000000019aaa000 	/System/Library/Frameworks/ApplicationServices.framework/Versions/A/Frameworks/ATS.framework/Versions/A/Resources/libFontParser.dylib
0x0000000019aaa000 	/System/Library/Frameworks/ApplicationServices.framework/Versions/A/Frameworks/ATS.framework/Versions/A/Resources/libFontRegistry.dylib
0x0000000019aaa000 	/System/Library/Frameworks/ImageIO.framework/Versions/A/Resources/libJPEG.dylib
0x0000000019aaa000 	/System/Library/Frameworks/ImageIO.framework/Versions/A/Resources/libTIFF.dylib
0x0000000019aaa000 	/System/Library/Frameworks/ImageIO.framework/Versions/A/Resources/libPng.dylib
0x0000000019aaa000 	/System/Library/Frameworks/ImageIO.framework/Versions/A/Resources/libGIF.dylib
0x0000000019aaa000 	/System/Library/Frameworks/ImageIO.framework/Versions/A/Resources/libJP2.dylib
0x0000000019aaa000 	/System/Library/Frameworks/ImageIO.framework/Versions/A/Resources/libRadiance.dylib
0x0000000019aaa000 	/System/Library/PrivateFrameworks/AppleJPEG.framework/Versions/A/AppleJPEG
0x0000000019aaa000 	/System/Library/Frameworks/MetalPerformanceShaders.framework/Frameworks/MPSCore.framework/Versions/A/MPSCore
0x0000000019aaa000 	/System/Library/Frameworks/MetalPerformanceShaders.framework/Frameworks/MPSImage.framework/Versions/A/MPSImage
0x0000000019aaa000 	/System/Library/Frameworks/MetalPerformanceShaders.framework/Frameworks/MPSNeuralNetwork.framework/Versions/A/MPSNeuralNetwork
0x0000000019aaa000 	/System/Library/Frameworks/MetalPerformanceShaders.framework/Frameworks/MPSMatrix.framework/Versions/A/MPSMatrix
0x0000000019aaa000 	/System/Library/PrivateFrameworks/MetalTools.framework/Versions/A/MetalTools
0x0000000019aaa000 	/System/Library/Frameworks/OpenGL.framework/Versions/A/Libraries/libGLU.dylib
0x0000000019aaa000 	/System/Library/Frameworks/OpenGL.framework/Versions/A/Libraries/libGFXShared.dylib
0x0000000019aaa000 	/System/Library/Frameworks/OpenGL.framework/Versions/A/Libraries/libGL.dylib
0x0000000019aaa000 	/System/Library/Frameworks/OpenGL.framework/Versions/A/Libraries/libGLImage.dylib
0x0000000019aaa000 	/System/Library/Frameworks/OpenGL.framework/Versions/A/Libraries/libCVMSPluginSupport.dylib
0x0000000019aaa000 	/System/Library/Frameworks/OpenGL.framework/Versions/A/Libraries/libCoreVMClient.dylib
0x0000000019aaa000 	/usr/lib/libcups.2.dylib
0x0000000019aaa000 	/System/Library/Frameworks/Kerberos.framework/Versions/A/Kerberos
0x0000000019aaa000 	/System/Library/Frameworks/GSS.framework/Versions/A/GSS
0x0000000019aaa000 	/usr/lib/libresolv.9.dylib
0x0000000019aaa000 	/usr/lib/libiconv.2.dylib
0x0000000019aaa000 	/System/Library/PrivateFrameworks/Heimdal.framework/Versions/A/Heimdal
0x0000000019aaa000 	/usr/lib/libheimdal-asn1.dylib
0x0000000019aaa000 	/System/Library/Frameworks/OpenDirectory.framework/Versions/A/OpenDirectory
0x0000000019aaa000 	/System/Library/PrivateFrameworks/CommonAuth.framework/Versions/A/CommonAuth
0x0000000019aaa000 	/System/Library/Frameworks/OpenDirectory.framework/Versions/A/Frameworks/CFOpenDirectory.framework/Versions/A/CFOpenDirectory
0x0000000019aaa000 	/System/Library/Frameworks/SecurityFoundation.framework/Versions/A/SecurityFoundation
0x0000000019aaa000 	/System/Library/PrivateFrameworks/APFS.framework/Versions/A/APFS
0x0000000019aaa000 	/usr/lib/libutil.dylib
0x0000000019aaa000 	/System/Library/PrivateFrameworks/AppleSauce.framework/Versions/A/AppleSauce
0x0000000019aaa000 	/System/Library/PrivateFrameworks/LinguisticData.framework/Versions/A/LinguisticData
0x0000000019aaa000 	/usr/lib/libmarisa.dylib
0x0000000019aaa000 	/System/Library/PrivateFrameworks/Lexicon.framework/Versions/A/Lexicon
0x0000000019aaa000 	/usr/lib/libChineseTokenizer.dylib
0x0000000019aaa000 	/usr/lib/libcmph.dylib
0x0000000019aaa000 	/System/Library/PrivateFrameworks/LanguageModeling.framework/Versions/A/LanguageModeling
0x0000000019aaa000 	/System/Library/PrivateFrameworks/CoreEmoji.framework/Versions/A/CoreEmoji
0x0000000019aaa000 	/System/Library/Frameworks/ServiceManagement.framework/Versions/A/ServiceManagement
0x0000000019aaa000 	/System/Library/PrivateFrameworks/BackgroundTaskManagement.framework/Versions/A/BackgroundTaskManagement
0x0000000019aaa000 	/usr/lib/libxslt.1.dylib
0x0000000019aaa000 	/System/Library/Frameworks/Carbon.framework/Versions/A/Frameworks/Ink.framework/Versions/A/Ink
0x0000000019aaa000 	/System/Library/PrivateFrameworks/TextureIO.framework/Versions/A/TextureIO
0x0000000019aaa000 	/usr/lib/libate.dylib
0x0000000019aaa000 	/System/Library/PrivateFrameworks/CrashReporterSupport.framework/Versions/A/CrashReporterSupport
0x0000000019aaa000 	/System/Library/PrivateFrameworks/Sharing.framework/Versions/A/Sharing
0x0000000019aaa000 	/System/Library/PrivateFrameworks/IconServices.framework/Versions/A/IconServices
0x0000000019aaa000 	/System/Library/PrivateFrameworks/AuthKit.framework/Versions/A/AuthKit
0x0000000019aaa000 	/System/Library/PrivateFrameworks/Apple80211.framework/Versions/A/Apple80211
0x0000000019aaa000 	/System/Library/PrivateFrameworks/CoreUtils.framework/Versions/A/CoreUtils
0x0000000019aaa000 	/System/Library/Frameworks/CoreWLAN.framework/Versions/A/CoreWLAN
0x0000000019aaa000 	/System/Library/Frameworks/IOBluetooth.framework/Versions/A/IOBluetooth
0x0000000019aaa000 	/System/Library/PrivateFrameworks/ProtocolBuffer.framework/Versions/A/ProtocolBuffer
0x0000000019aaa000 	/System/Library/PrivateFrameworks/MobileKeyBag.framework/Versions/A/MobileKeyBag
0x0000000019aaa000 	/System/Library/PrivateFrameworks/CorePhoneNumbers.framework/Versions/A/CorePhoneNumbers
0x0000000019aaa000 	/System/Library/PrivateFrameworks/AppleIDAuthSupport.framework/Versions/A/AppleIDAuthSupport
0x0000000019aaa000 	/System/Library/PrivateFrameworks/KeychainCircle.framework/Versions/A/KeychainCircle
0x0000000019aaa000 	/System/Library/PrivateFrameworks/CoreWiFi.framework/Versions/A/CoreWiFi
0x0000000019aaa000 	/System/Library/Frameworks/CoreBluetooth.framework/Versions/A/CoreBluetooth
0x0000000019aaa000 	/System/Library/PrivateFrameworks/DebugSymbols.framework/Versions/A/DebugSymbols
0x0000000019aaa000 	/System/Library/PrivateFrameworks/CoreSymbolication.framework/Versions/A/CoreSymbolication
0x0000000019aaa000 	/System/Library/PrivateFrameworks/Symbolication.framework/Versions/A/Symbolication
0x0000000019aaa000 	/System/Library/PrivateFrameworks/AppleFSCompression.framework/Versions/A/AppleFSCompression
0x0000000019aaa000 	/System/Library/PrivateFrameworks/SpeechRecognitionCore.framework/Versions/A/SpeechRecognitionCore
0x000000010d19a000 	/Library/Java/JavaVirtualMachines/jdk1.8.0_121.jdk/Contents/Home/jre/lib/server/libjvm.dylib
0x0000000019aaa000 	/usr/lib/libstdc++.6.0.9.dylib
0x000000010e13c000 	/Library/Java/JavaVirtualMachines/jdk1.8.0_121.jdk/Contents/Home/jre/lib/libverify.dylib
0x000000010e14a000 	/Library/Java/JavaVirtualMachines/jdk1.8.0_121.jdk/Contents/Home/jre/lib/libjava.dylib
0x000000010e1c9000 	/Library/Java/JavaVirtualMachines/jdk1.8.0_121.jdk/Contents/Home/jre/lib/libzip.dylib
0x0000000019aaa000 	/System/Library/Frameworks/JavaVM.framework/Versions/A/Frameworks/JavaRuntimeSupport.framework/Versions/A/JavaRuntimeSupport
0x0000000019aaa000 	/System/Library/Frameworks/JavaVM.framework/Versions/A/Frameworks/JavaNativeFoundation.framework/Versions/A/JavaNativeFoundation
0x0000000019aaa000 	/System/Library/Frameworks/JavaVM.framework/Versions/A/JavaVM
0x0000000019aaa000 	/System/Library/Frameworks/Carbon.framework/Versions/A/Carbon
0x0000000019aaa000 	/System/Library/PrivateFrameworks/JavaLaunching.framework/Versions/A/JavaLaunching
0x0000000019aaa000 	/System/Library/Frameworks/Carbon.framework/Versions/A/Frameworks/CommonPanels.framework/Versions/A/CommonPanels
0x0000000019aaa000 	/System/Library/Frameworks/Carbon.framework/Versions/A/Frameworks/Help.framework/Versions/A/Help
0x0000000019aaa000 	/System/Library/Frameworks/Carbon.framework/Versions/A/Frameworks/ImageCapture.framework/Versions/A/ImageCapture
0x0000000019aaa000 	/System/Library/Frameworks/Carbon.framework/Versions/A/Frameworks/OpenScripting.framework/Versions/A/OpenScripting
0x0000000019aaa000 	/System/Library/Frameworks/Carbon.framework/Versions/A/Frameworks/Print.framework/Versions/A/Print
0x0000000019aaa000 	/System/Library/Frameworks/Carbon.framework/Versions/A/Frameworks/SecurityHI.framework/Versions/A/SecurityHI
0x000000011381b000 	/private/var/folders/6j/chlscnr11392t8q1nqg121b00000gn/T/libgdxnbaumgartner/6c379ad2/libgdx64.dylib
0x0000000113865000 	/Library/Java/JavaVirtualMachines/jdk1.8.0_121.jdk/Contents/Home/jre/lib/libawt.dylib
0x000000011390d000 	/Library/Java/JavaVirtualMachines/jdk1.8.0_121.jdk/Contents/Home/jre/lib/./libmlib_image.dylib
0x00000001139d9000 	/Library/Java/JavaVirtualMachines/jdk1.8.0_121.jdk/Contents/Home/jre/lib/libawt_lwawt.dylib
0x0000000113a90000 	/Library/Java/JavaVirtualMachines/jdk1.8.0_121.jdk/Contents/Home/jre/lib/./libosxapp.dylib
0x0000000019aaa000 	/System/Library/Frameworks/ExceptionHandling.framework/Versions/A/ExceptionHandling
0x0000000019aaa000 	/System/Library/PrivateFrameworks/CoreServicesInternal.framework/Versions/A/CoreServicesInternal
0x0000000019aaa000 	/System/Library/CoreServices/RawCamera.bundle/Contents/MacOS/RawCamera
0x0000000019aaa000 	/System/Library/PrivateFrameworks/MobileAsset.framework/Versions/A/MobileAsset
0x0000000019aaa000 	/System/Library/PrivateFrameworks/StreamingZip.framework/Versions/A/StreamingZip
0x0000000019aaa000 	/System/Library/Frameworks/MediaToolbox.framework/Versions/A/MediaToolbox
0x0000000019aaa000 	/System/Library/PrivateFrameworks/CoreAVCHD.framework/Versions/A/CoreAVCHD
0x0000000019aaa000 	/System/Library/Frameworks/MediaAccessibility.framework/Versions/A/MediaAccessibility
0x0000000019aaa000 	/System/Library/PrivateFrameworks/Mangrove.framework/Versions/A/Mangrove
0x0000000019aaa000 	/System/Library/Frameworks/CoreMedia.framework/Versions/A/CoreMedia
0x0000000019aaa000 	/System/Library/Frameworks/VideoToolbox.framework/Versions/A/VideoToolbox
0x0000000019aaa000 	/System/Library/PrivateFrameworks/CoreAUC.framework/Versions/A/CoreAUC
0x0000000019aaa000 	/usr/lib/libspindump.dylib
0x0000000019aaa000 	/System/Library/PrivateFrameworks/AppleVA.framework/Versions/A/AppleVA
0x0000000019aaa000 	/System/Library/Frameworks/Accelerate.framework/Versions/A/Frameworks/vImage.framework/Versions/A/Libraries/libCGInterfaces.dylib
0x0000000019aaa000 	/System/Library/Frameworks/ApplicationServices.framework/Versions/A/Frameworks/ATS.framework/Versions/A/Resources/libTrueTypeScaler.dylib
0x0000000019aaa000 	/System/Library/Extensions/AppleIntelSKLGraphicsMTLDriver.bundle/Contents/MacOS/AppleIntelSKLGraphicsMTLDriver
0x0000000019aaa000 	/System/Library/PrivateFrameworks/GPUCompiler.framework/Versions/3802/Libraries/libmetal_timestamp.dylib
0x0000000019aaa000 	/System/Library/PrivateFrameworks/FamilyControls.framework/Versions/A/FamilyControls
0x0000000019aaa000 	/System/Library/PrivateFrameworks/CommerceKit.framework/Versions/A/Frameworks/CommerceCore.framework/Versions/A/CommerceCore
0x0000000019aaa000 	/System/Library/PrivateFrameworks/SystemAdministration.framework/Versions/A/SystemAdministration
0x0000000019aaa000 	/System/Library/PrivateFrameworks/AppContainer.framework/Versions/A/AppContainer
0x0000000019aaa000 	/System/Library/PrivateFrameworks/SecCodeWrapper.framework/Versions/A/SecCodeWrapper
0x0000000019aaa000 	/System/Library/PrivateFrameworks/DiskManagement.framework/Versions/A/DiskManagement
0x0000000019aaa000 	/System/Library/Frameworks/DirectoryService.framework/Versions/A/DirectoryService
0x0000000019aaa000 	/System/Library/PrivateFrameworks/DiskImages.framework/Versions/A/DiskImages
0x0000000019aaa000 	/System/Library/PrivateFrameworks/LoginUIKit.framework/Versions/A/Frameworks/LoginUICore.framework/Versions/A/LoginUICore
0x0000000019aaa000 	/usr/lib/libCoreStorage.dylib
0x0000000019aaa000 	/usr/lib/libcsfde.dylib
0x0000000019aaa000 	/usr/lib/libodfde.dylib
0x0000000019aaa000 	/System/Library/PrivateFrameworks/MediaKit.framework/Versions/A/MediaKit
0x0000000019aaa000 	/System/Library/Frameworks/DiscRecording.framework/Versions/A/DiscRecording
0x0000000019aaa000 	/System/Library/PrivateFrameworks/EFILogin.framework/Versions/A/EFILogin
0x0000000019aaa000 	/System/Library/PrivateFrameworks/ProtectedCloudStorage.framework/Versions/A/ProtectedCloudStorage
0x0000000019aaa000 	/usr/lib/libcurl.4.dylib
0x0000000019aaa000 	/usr/lib/libcrypto.35.dylib
0x0000000019aaa000 	/usr/lib/libssl.35.dylib
0x0000000019aaa000 	/System/Library/Frameworks/LDAP.framework/Versions/A/LDAP
0x0000000019aaa000 	/System/Library/PrivateFrameworks/TrustEvaluationAgent.framework/Versions/A/TrustEvaluationAgent
0x0000000019aaa000 	/usr/lib/libsasl2.2.dylib
0x0000000019aaa000 	/System/Library/PrivateFrameworks/CoreDaemon.framework/Versions/B/CoreDaemon
0x0000000019aaa000 	/System/Library/PrivateFrameworks/AppleSRP.framework/Versions/A/AppleSRP
0x0000000019aaa000 	/System/Library/Frameworks/OpenGL.framework/Versions/A/Resources/GLEngine.bundle/GLEngine
0x0000000019aaa000 	/System/Library/Frameworks/OpenGL.framework/Versions/A/Libraries/libGLProgrammability.dylib
0x000000012dc45000 	/System/Library/Extensions/AppleIntelSKLGraphicsGLDriver.bundle/Contents/MacOS/AppleIntelSKLGraphicsGLDriver
0x0000000019aaa000 	/System/Library/PrivateFrameworks/GPUSupport.framework/Versions/A/Libraries/libGPUSupportMercury.dylib
0x0000000019aaa000 	/System/Library/Frameworks/OpenGL.framework/Versions/A/Resources/GLRendererFloat.bundle/GLRendererFloat
0x0000000019aaa000 	/System/Library/Frameworks/OpenCL.framework/Versions/A/Libraries/libcldcpuengine.dylib
0x000000012f2b9000 	/Library/Java/JavaVirtualMachines/jdk1.8.0_121.jdk/Contents/Home/jre/lib/libfontmanager.dylib
0x000000012f320000 	/private/var/folders/6j/chlscnr11392t8q1nqg121b00000gn/T/libgdxnbaumgartner/f7649394/liblwjgl.dylib
0x000000012f215000 	/Library/Java/JavaVirtualMachines/jdk1.8.0_121.jdk/Contents/Home/jre/lib/libjawt.dylib
0x000000012f3a2000 	/var/folders/6j/chlscnr11392t8q1nqg121b00000gn/T/libgdxnbaumgartner/f7649394/openal.dylib
0x000000012f411000 	/System/Library/Components/CoreAudio.component/Contents/MacOS/CoreAudio
0x000000012f65b000 	/System/Library/Extensions/AppleHDA.kext/Contents/PlugIns/AppleHDAHALPlugIn.bundle/Contents/MacOS/AppleHDAHALPlugIn
0x0000000019aaa000 	/System/Library/PrivateFrameworks/ViewBridge.framework/Versions/A/ViewBridge
0x0000000131a1b000 	/private/var/folders/6j/chlscnr11392t8q1nqg121b00000gn/T/libgdxnbaumgartner/fc2ef942/libgdx-controllers-desktop64.dylib
0x0000000019aaa000 	/System/Library/PrivateFrameworks/login.framework/Versions/A/login

VM Arguments:
jvm_args: -Dfile.encoding=UTF-8 
java_command: com.gof.desktop.DesktopLauncher
java_class_path (initial): /Users/nbaumgartner/Documents/GitHub/God-of-Forest/desktop/bin:/Users/nbaumgartner/Documents/GitHub/God-of-Forest/core/bin:/Users/nbaumgartner/.gradle/caches/modules-2/files-2.1/com.badlogicgames.gdx/gdx-backend-lwjgl/1.9.5/ad5223b755809a92f44e7f6208f4af6a3b39dcc0/gdx-backend-lwjgl-1.9.5.jar:/Users/nbaumgartner/.gradle/caches/modules-2/files-2.1/com.badlogicgames.gdx/gdx-platform/1.9.5/bc0c7ee7fca96eb3c691b5a87cf11fd4d9f1bab6/gdx-platform-1.9.5-natives-desktop.jar:/Users/nbaumgartner/.gradle/caches/modules-2/files-2.1/com.badlogicgames.gdx/gdx-controllers-desktop/1.9.5/e7d5153a20aec6a02a9bae9fd29c51ae7cc2f58b/gdx-controllers-desktop-1.9.5.jar:/Users/nbaumgartner/.gradle/caches/modules-2/files-2.1/com.badlogicgames.gdx/gdx-controllers-platform/1.9.5/959211f99e49a188a03a2bb3fa0ed7a8a33a6a61/gdx-controllers-platform-1.9.5-natives-desktop.jar:/Users/nbaumgartner/.gradle/caches/modules-2/files-2.1/com.badlogicgames.gdx/gdx/1.9.5/dc65bb2f51828c58b1b2b3ac585357204d54ee5f/gdx-1.9.5.jar:/Users/nbaumgartner/.gradle/caches/modules-2/files-2.1/com.badlogicgames.gdx/gdx-controllers/1.9.5/5a067651ea4cb1402faff77c4f73e8bfc6bc92b5/gdx-controllers-1.9.5.jar:/Users/nbaumgartner/.gradle/caches/modules-2/files-2.1/org.lwjgl.lwjgl/lwjgl/2.9.2/a9d80fe5935c7a9149f6584d9777cfd471f65489/lwjgl-2.9.2.jar:/Users/nbaumgartner/.gradle/caches/modules-2/files-2.1/org.lwjgl.lwjgl/lwjgl_util/2.9.2/4b9e37300a87799856e0bd15ed81663cdb6b0947/lwjgl_util-2.9.2.jar:/Users/nbaumgartner/.gradle/caches/modules-2/files-2.1/com.badlogicgames.jlayer/jlayer/1.0.1-gdx/7cca83cec5c1b2f011362f4d85aabd71a73b049d/jlayer-1.0.1-gdx.jar:/Users/nbaumgartner/.gradle/caches/modules-2/files-2.1/org.jcraft/jorbis/0.0.17/8872d22b293e8f5d7d56ff92be966e6dc28ebdc6/jorbis-0.0.17.jar:/Users/nbaumgartner/.gradle/caches/modules-2/files-2.1/org.lwjgl.lwjgl/lwjgl-platform/2.9.2/510c7d317f5e9e700b9cfaac5fd38bdebf0702e0/lwjgl-platform-2.9.2-natives-windows.jar:/Users/nbaumgartner/.gradle/caches/modules-2/files
Launcher Type: SUN_STANDARD

Environment Variables:
PATH=/usr/bin:/bin:/usr/sbin:/sbin
SHELL=/bin/bash
DISPLAY=/private/tmp/com.apple.launchd.EKfc7gNmsg/org.macosforge.xquartz:0

Signal Handlers:
SIGSEGV: [libjvm.dylib+0x5b1141], sa_mask[0]=11111111011111110111111111111111, sa_flags=SA_ONSTACK|SA_RESTART|SA_SIGINFO
SIGBUS: [libjvm.dylib+0x5b1141], sa_mask[0]=11111111011111110111111111111111, sa_flags=SA_RESTART|SA_SIGINFO
SIGFPE: [libjvm.dylib+0x487bc4], sa_mask[0]=11111111011111110111111111111111, sa_flags=SA_RESTART|SA_SIGINFO
SIGPIPE: [libjvm.dylib+0x487bc4], sa_mask[0]=11111111011111110111111111111111, sa_flags=SA_RESTART|SA_SIGINFO
SIGXFSZ: [libjvm.dylib+0x487bc4], sa_mask[0]=11111111011111110111111111111111, sa_flags=SA_RESTART|SA_SIGINFO
SIGILL: [libjvm.dylib+0x487bc4], sa_mask[0]=11111111011111110111111111111111, sa_flags=SA_RESTART|SA_SIGINFO
SIGUSR1: SIG_DFL, sa_mask[0]=00000000000000000000000000000000, sa_flags=none
SIGUSR2: [libjvm.dylib+0x4876e2], sa_mask[0]=00100000000000000000000000000000, sa_flags=SA_RESTART|SA_SIGINFO
SIGHUP: [libjvm.dylib+0x485cb9], sa_mask[0]=11111111011111110111111111111111, sa_flags=SA_RESTART|SA_SIGINFO
SIGINT: [libjvm.dylib+0x485cb9], sa_mask[0]=11111111011111110111111111111111, sa_flags=SA_RESTART|SA_SIGINFO
SIGTERM: [libjvm.dylib+0x485cb9], sa_mask[0]=11111111011111110111111111111111, sa_flags=SA_RESTART|SA_SIGINFO
SIGQUIT: [libjvm.dylib+0x485cb9], sa_mask[0]=11111111011111110111111111111111, sa_flags=SA_RESTART|SA_SIGINFO


---------------  S Y S T E M  ---------------

OS:Bsduname:Darwin 17.7.0 Darwin Kernel Version 17.7.0: Thu Jun 21 22:53:14 PDT 2018; root:xnu-4570.71.2~1/RELEASE_X86_64 x86_64
rlimit: STACK 8192k, CORE 0k, NPROC 1418, NOFILE 10240, AS infinity
load average:2.25 2.31 2.32

CPU:total 4 (2 cores per cpu, 2 threads per core) family 6 model 78 stepping 3, cmov, cx8, fxsr, mmx, sse, sse2, sse3, ssse3, sse4.1, sse4.2, popcnt, avx, avx2, aes, clmul, erms, 3dnowpref, lzcnt, ht, tsc, tscinvbit, bmi1, bmi2, adx

Memory: 4k page, physical 16777216k(1317952k free)

/proc/meminfo:


vm_info: Java HotSpot(TM) 64-Bit Server VM (25.121-b13) for bsd-amd64 JRE (1.8.0_121-b13), built on Dec 12 2016 20:39:32 by "java_re" with gcc 4.2.1 (Based on Apple Inc. build 5658) (LLVM build 2336.11.00)

time: Sun Sep 16 10:45:54 2018
elapsed time: 11 seconds (0d 0h 0m 11s)

