#
# A fatal error has been detected by the Java Runtime Environment:
#
#  SIGSEGV (0xb) at pc=0x000000011821a5e4, pid=942, tid=0x0000000000011907
#
# JRE version: Java(TM) SE Runtime Environment (8.0_121-b13) (build 1.8.0_121-b13)
# Java VM: Java HotSpot(TM) 64-Bit Server VM (25.121-b13 mixed mode bsd-amd64 compressed oops)
# Problematic frame:
# C  [libgdx64.dylib+0x2b5e4]  get_pixel_alpha+0x4
#
# Failed to write core dump. Core dumps have been disabled. To enable core dumping, try "ulimit -c unlimited" before starting Java again
#
# If you would like to submit a bug report, please visit:
#   http://bugreport.java.com/bugreport/crash.jsp
# The crash happened outside the Java Virtual Machine in native code.
# See problematic frame for where to report the bug.
#

---------------  T H R E A D  ---------------

Current thread (0x00007f8df6aa7000):  JavaThread "LWJGL Application" [_thread_in_native, id=71943, stack(0x0000700007f10000,0x0000700008010000)]

siginfo: si_signo: 11 (SIGSEGV), si_code: 1 (SEGV_MAPERR), si_addr: 0x00000001ac200002

Registers:
RAX=0x000000011821a5e0, RBX=0x00000000dfa16386, RCX=0x000000007cc50000, RDX=0x000000007cc50000
RSP=0x000070000800f350, RBP=0x000070000800f350, RSI=0x0000000000000000, RDI=0x00000001ac200002
R8 =0x0000000000000100, R9 =0x0000000000000003, R10=0x0000000119e67247, R11=0x0000000119e694a0
R12=0x0000000000000000, R13=0x000070000800f438, R14=0x000070000800f3b0, R15=0x00007f8df6aa7000
RIP=0x000000011821a5e4, EFLAGS=0x0000000000010202, ERR=0x0000000000000004
  TRAPNO=0x000000000000000e

Top of Stack: (sp=0x000070000800f350)
0x000070000800f350:   000070000800f370 00000001181fb253
0x000070000800f360:   00007f8df5f4fcb0 0000000000001010
0x000070000800f370:   000070000800f3c0 0000000119e672bd
0x000070000800f380:   000070000800f3c0 000070000800f3b0
0x000070000800f390:   000070000800f4a8 0000000119e68b5c
0x000070000800f3a0:   000070000800f438 0000000119de7718
0x000070000800f3b0:   00000006c2414760 0000000000000202
0x000070000800f3c0:   000070000800f4a8 0000000119e69554
0x000070000800f3d0:   00000001199c82bd 0000000000000000
0x000070000800f3e0:   0000000000000080 0000000000000000
0x000070000800f3f0:   00000007737b7aa0 000070000800f3f8
0x000070000800f400:   000000011539ee0f 000070000800f460
0x000070000800f410:   000000011548df18 000000012e4ba4b0
0x000070000800f420:   000070000800f4a8 00000001199c7d00
0x000070000800f430:   00000001199c7d00 0000000000000100
0x000070000800f440:   0000000000000000 000000076df66b00
0x000070000800f450:   0000000000000080 0000000000000200
0x000070000800f460:   00000007737b7a88 000070000800f468
0x000070000800f470:   000000012e4b0128 000070000800f4e0
0x000070000800f480:   000000012e4b08a0 0000000000000000
0x000070000800f490:   000000012e4b01f0 000070000800f438
0x000070000800f4a0:   000070000800f4e0 000070000800f528
0x000070000800f4b0:   00000001199c8040 0000000000000100
0x000070000800f4c0:   0000000000000000 00000007737b7a88
0x000070000800f4d0:   0000000000000400 0000000000000400
0x000070000800f4e0:   00000007737b7988 000070000800f4e8
0x000070000800f4f0:   000000012e4afc4a 000070000800f550
0x000070000800f500:   000000012e4b08a0 0000000000000000
0x000070000800f510:   000000012e4afcb0 000070000800f4e0
0x000070000800f520:   000070000800f550 000070000800f598
0x000070000800f530:   00000001199c82bd 0000000773772f50
0x000070000800f540:   00000007737b7988 00000006c9ff1f20 

Instructions: (pc=0x000000011821a5e4)
0x000000011821a5c4:   34 fe 00 00 48 8d 0d 20 01 01 00 ba 0c 0e 00 00
0x000000011821a5d4:   e8 9d ed 00 00 0f 1f 80 00 00 00 00 55 48 89 e5
0x000000011821a5e4:   0f b6 07 5d c3 0f 1f 80 00 00 00 00 55 48 89 e5
0x000000011821a5f4:   0f b6 0f c1 e1 08 0f b6 47 01 09 c8 5d c3 66 66 

Register to memory mapping:

RAX=0x000000011821a5e0: get_pixel_alpha+0 in /private/var/folders/6j/chlscnr11392t8q1nqg121b00000gn/T/libgdxnbaumgartner/6c379ad2/libgdx64.dylib at 0x00000001181ef000
RBX=0x00000000dfa16386 is an unknown value
RCX=0x000000007cc50000 is an unknown value
RDX=0x000000007cc50000 is an unknown value
RSP=0x000070000800f350 is pointing into the stack for thread: 0x00007f8df6aa7000
RBP=0x000070000800f350 is pointing into the stack for thread: 0x00007f8df6aa7000
RSI=0x0000000000000000 is an unknown value
RDI=0x00000001ac200002 is an unknown value
R8 =0x0000000000000100 is an unknown value
R9 =0x0000000000000003 is an unknown value
R10=0x0000000119e67247 is at entry_point+71 in (nmethod*)0x0000000119e67090
R11=0x0000000119e694a0 is at entry_point+32 in (nmethod*)0x0000000119e69310
R12=0x0000000000000000 is an unknown value
R13=0x000070000800f438 is pointing into the stack for thread: 0x00007f8df6aa7000
R14=0x000070000800f3b0 is pointing into the stack for thread: 0x00007f8df6aa7000
R15=0x00007f8df6aa7000 is a thread


Stack: [0x0000700007f10000,0x0000700008010000],  sp=0x000070000800f350,  free space=1020k
Native frames: (J=compiled Java code, j=interpreted, Vv=VM code, C=native code)
C  [libgdx64.dylib+0x2b5e4]  get_pixel_alpha+0x4
C  [libgdx64.dylib+0xc253]  gdx2d_get_pixel+0x63
J 1294  com.badlogic.gdx.graphics.g2d.Gdx2DPixmap.getPixel(JII)I (0 bytes) @ 0x0000000119e672bd [0x0000000119e67200+0xbd]
J 1291 C1 com.badlogic.gdx.graphics.Pixmap.getPixel(II)I (10 bytes) @ 0x0000000119e69554 [0x0000000119e69480+0xd4]
j  com.gof.world.WorldToPNG.merge4PixmapTogether(Ljava/util/List;)Lcom/badlogic/gdx/graphics/Pixmap;+128
j  com.gof.world.WorldToPNG.saveToImage(Lcom/gof/world/TileWorld;)V+74
j  com.gof.menu.OptionMenu$1.run()V+6
j  com.gof.menu.SimpleMenuRunnableItem.select()V+4
j  com.gof.menu.SimpleMenu.select()V+31
j  com.gof.menu.SimpleMenu.update(Lcom/gof/inputs/GamePad;)Z+130
j  com.gof.menu.MenuHandler.updateInput(Lcom/gof/inputs/GamePad;)V+12
j  com.gof.profiles.User.updateUserInputs()V+22
j  com.gof.profiles.UserHandler.updateUserInputs()V+23
j  com.gof.game.Main.render()V+23
j  com.badlogic.gdx.backends.lwjgl.LwjglApplication.mainLoop()V+698
j  com.badlogic.gdx.backends.lwjgl.LwjglApplication$1.run()V+27
v  ~StubRoutines::call_stub
V  [libjvm.dylib+0x2ed9d6]  JavaCalls::call_helper(JavaValue*, methodHandle*, JavaCallArguments*, Thread*)+0x6ae
V  [libjvm.dylib+0x2ee164]  JavaCalls::call_virtual(JavaValue*, KlassHandle, Symbol*, Symbol*, JavaCallArguments*, Thread*)+0x164
V  [libjvm.dylib+0x2ee310]  JavaCalls::call_virtual(JavaValue*, Handle, KlassHandle, Symbol*, Symbol*, Thread*)+0x4a
V  [libjvm.dylib+0x348a5d]  thread_entry(JavaThread*, Thread*)+0x7c
V  [libjvm.dylib+0x56ab0f]  JavaThread::thread_main_inner()+0x9b
V  [libjvm.dylib+0x56c1fc]  JavaThread::run()+0x1c2
V  [libjvm.dylib+0x48a5b2]  java_start(Thread*)+0xf6
C  [libsystem_pthread.dylib+0x3661]  _pthread_body+0x154
C  [libsystem_pthread.dylib+0x350d]  _pthread_body+0x0
C  [libsystem_pthread.dylib+0x2bf9]  thread_start+0xd
C  0x0000000000000000

Java frames: (J=compiled Java code, j=interpreted, Vv=VM code)
J 1294  com.badlogic.gdx.graphics.g2d.Gdx2DPixmap.getPixel(JII)I (0 bytes) @ 0x0000000119e67247 [0x0000000119e67200+0x47]
J 1291 C1 com.badlogic.gdx.graphics.Pixmap.getPixel(II)I (10 bytes) @ 0x0000000119e69554 [0x0000000119e69480+0xd4]
j  com.gof.world.WorldToPNG.merge4PixmapTogether(Ljava/util/List;)Lcom/badlogic/gdx/graphics/Pixmap;+128
j  com.gof.world.WorldToPNG.saveToImage(Lcom/gof/world/TileWorld;)V+74
j  com.gof.menu.OptionMenu$1.run()V+6
j  com.gof.menu.SimpleMenuRunnableItem.select()V+4
j  com.gof.menu.SimpleMenu.select()V+31
j  com.gof.menu.SimpleMenu.update(Lcom/gof/inputs/GamePad;)Z+130
j  com.gof.menu.MenuHandler.updateInput(Lcom/gof/inputs/GamePad;)V+12
j  com.gof.profiles.User.updateUserInputs()V+22
j  com.gof.profiles.UserHandler.updateUserInputs()V+23
j  com.gof.game.Main.render()V+23
j  com.badlogic.gdx.backends.lwjgl.LwjglApplication.mainLoop()V+698
j  com.badlogic.gdx.backends.lwjgl.LwjglApplication$1.run()V+27
v  ~StubRoutines::call_stub

---------------  P R O C E S S  ---------------

Java Threads: ( => current thread )
  0x00007f8df619d000 JavaThread "AsynchExecutor-Thread" daemon [_thread_blocked, id=69643, stack(0x0000700008013000,0x0000700008113000)]
  0x00007f8df7252000 JavaThread "DestroyJavaVM" [_thread_blocked, id=9475, stack(0x0000700006cd1000,0x0000700006dd1000)]
=>0x00007f8df6aa7000 JavaThread "LWJGL Application" [_thread_in_native, id=71943, stack(0x0000700007f10000,0x0000700008010000)]
  0x00007f8df6058800 JavaThread "AppKit Thread" daemon [_thread_in_native, id=775, stack(0x00007ffee58cb000,0x00007ffee60cb000)]
  0x00007f8df7068000 JavaThread "Service Thread" daemon [_thread_blocked, id=14339, stack(0x00007000078f5000,0x00007000079f5000)]
  0x00007f8df705b800 JavaThread "C1 CompilerThread2" daemon [_thread_blocked, id=13827, stack(0x00007000077f2000,0x00007000078f2000)]
  0x00007f8df680e000 JavaThread "C2 CompilerThread1" daemon [_thread_blocked, id=13571, stack(0x00007000076ef000,0x00007000077ef000)]
  0x00007f8df6800000 JavaThread "C2 CompilerThread0" daemon [_thread_blocked, id=17923, stack(0x00007000075ec000,0x00007000076ec000)]
  0x00007f8df6802000 JavaThread "Signal Dispatcher" daemon [_thread_blocked, id=18183, stack(0x00007000074e9000,0x00007000075e9000)]
  0x00007f8df6014800 JavaThread "Finalizer" daemon [_thread_blocked, id=20227, stack(0x00007000073e6000,0x00007000074e6000)]
  0x00007f8df703d000 JavaThread "Reference Handler" daemon [_thread_blocked, id=20483, stack(0x00007000072e3000,0x00007000073e3000)]

Other Threads:
  0x00007f8df7842000 VMThread [stack: 0x00007000071e0000,0x00007000072e0000] [id=20739]
  0x00007f8df6016000 WatcherThread [stack: 0x00007000079f8000,0x0000700007af8000] [id=17155]

VM state:not at safepoint (normal execution)

VM Mutex/Monitor currently owned by a thread: None

Heap:
 PSYoungGen      total 218112K, used 151556K [0x000000076ab00000, 0x000000077c000000, 0x00000007c0000000)
  eden space 207360K, 73% used [0x000000076ab00000,0x0000000773f01320,0x0000000777580000)
  from space 10752K, 0% used [0x000000077b580000,0x000000077b580000,0x000000077c000000)
  to   space 10752K, 0% used [0x000000077ab00000,0x000000077ab00000,0x000000077b580000)
 ParOldGen       total 597504K, used 306390K [0x00000006c0000000, 0x00000006e4780000, 0x000000076ab00000)
  object space 597504K, 51% used [0x00000006c0000000,0x00000006d2b35bc0,0x00000006e4780000)
 Metaspace       used 9725K, capacity 9859K, committed 9984K, reserved 1058816K
  class space    used 975K, capacity 1016K, committed 1024K, reserved 1048576K

Card table byte_map: [0x000000010b76b000,0x000000010bf6c000] byte_map_base: 0x000000010816b000

Marking Bits: (ParMarkBitMap*) 0x000000010acf0d30
 Begin Bits: [0x000000010c4c2000, 0x00000001104c2000)
 End Bits:   [0x00000001104c2000, 0x00000001144c2000)

Polling page: 0x0000000109bb1000

CodeCache: size=245760Kb used=4807Kb max_used=4817Kb free=240952Kb
 bounds [0x00000001199c0000, 0x0000000119e80000, 0x00000001289c0000]
 total_blobs=1749 nmethods=1295 adapters=368
 compilation: enabled

Compilation events (10 events):
Event: 7.661 Thread 0x00007f8df705b800 1291       3       com.badlogic.gdx.graphics.Pixmap::getPixel (10 bytes)
Event: 7.661 Thread 0x00007f8df705b800 nmethod 1291 0x0000000119e69310 code [0x0000000119e69480, 0x0000000119e69688]
Event: 7.661 Thread 0x00007f8df705b800 1292       3       com.badlogic.gdx.graphics.g2d.Gdx2DPixmap::getPixel (10 bytes)
Event: 7.661 Thread 0x00007f8df705b800 nmethod 1292 0x0000000119e68f90 code [0x0000000119e69100, 0x0000000119e69288]
Event: 7.661 Thread 0x00007f8df705b800 1288       3       java.util.LinkedList::get (14 bytes)
Event: 7.661 Thread 0x00007f8df680e000 nmethod 1293 0x0000000119de7590 code [0x0000000119de76e0, 0x0000000119de7768]
Event: 7.661 Thread 0x00007f8df705b800 nmethod 1288 0x0000000119e687d0 code [0x0000000119e68980, 0x0000000119e68da8]
Event: 7.661 Thread 0x00007f8df705b800 1289       3       java.util.LinkedList::checkElementIndex (22 bytes)
Event: 7.662 Thread 0x00007f8df705b800 nmethod 1289 0x0000000119e67410 code [0x0000000119e67640, 0x0000000119e68218]
Event: 7.662 Thread 0x00007f8df705b800 1295       3       com.badlogic.gdx.graphics.Pixmap::drawPixel (11 bytes)

GC Heap History (10 events):
Event: 1.521 GC heap before
{Heap before GC invocations=2 (full 0):
 PSYoungGen      total 76288K, used 76284K [0x000000076ab00000, 0x0000000774000000, 0x00000007c0000000)
  eden space 65536K, 100% used [0x000000076ab00000,0x000000076eb00000,0x000000076eb00000)
  from space 10752K, 99% used [0x000000076eb00000,0x000000076f57f140,0x000000076f580000)
  to   space 10752K, 0% used [0x0000000773580000,0x0000000773580000,0x0000000774000000)
 ParOldGen       total 175104K, used 36508K [0x00000006c0000000, 0x00000006cab00000, 0x000000076ab00000)
  object space 175104K, 20% used [0x00000006c0000000,0x00000006c23a7220,0x00000006cab00000)
 Metaspace       used 9261K, capacity 9411K, committed 9472K, reserved 1058816K
  class space    used 945K, capacity 1016K, committed 1024K, reserved 1048576K
Event: 1.610 GC heap after
Heap after GC invocations=2 (full 0):
 PSYoungGen      total 141824K, used 10752K [0x000000076ab00000, 0x0000000774000000, 0x00000007c0000000)
  eden space 131072K, 0% used [0x000000076ab00000,0x000000076ab00000,0x0000000772b00000)
  from space 10752K, 100% used [0x0000000773580000,0x0000000774000000,0x0000000774000000)
  to   space 10752K, 0% used [0x0000000772b00000,0x0000000772b00000,0x0000000773580000)
 ParOldGen       total 175104K, used 98333K [0x00000006c0000000, 0x00000006cab00000, 0x000000076ab00000)
  object space 175104K, 56% used [0x00000006c0000000,0x00000006c60076c8,0x00000006cab00000)
 Metaspace       used 9261K, capacity 9411K, committed 9472K, reserved 1058816K
  class space    used 945K, capacity 1016K, committed 1024K, reserved 1048576K
}
Event: 3.710 GC heap before
{Heap before GC invocations=3 (full 0):
 PSYoungGen      total 141824K, used 141824K [0x000000076ab00000, 0x0000000774000000, 0x00000007c0000000)
  eden space 131072K, 100% used [0x000000076ab00000,0x0000000772b00000,0x0000000772b00000)
  from space 10752K, 100% used [0x0000000773580000,0x0000000774000000,0x0000000774000000)
  to   space 10752K, 0% used [0x0000000772b00000,0x0000000772b00000,0x0000000773580000)
 ParOldGen       total 175104K, used 98333K [0x00000006c0000000, 0x00000006cab00000, 0x000000076ab00000)
  object space 175104K, 56% used [0x00000006c0000000,0x00000006c60076c8,0x00000006cab00000)
 Metaspace       used 9602K, capacity 9731K, committed 9984K, reserved 1058816K
  class space    used 964K, capacity 1016K, committed 1024K, reserved 1048576K
Event: 3.876 GC heap after
Heap after GC invocations=3 (full 0):
 PSYoungGen      total 141824K, used 10720K [0x000000076ab00000, 0x000000077c000000, 0x00000007c0000000)
  eden space 131072K, 0% used [0x000000076ab00000,0x000000076ab00000,0x0000000772b00000)
  from space 10752K, 99% used [0x0000000772b00000,0x0000000773578010,0x0000000773580000)
  to   space 10752K, 0% used [0x000000077b580000,0x000000077b580000,0x000000077c000000)
 ParOldGen       total 181248K, used 181095K [0x00000006c0000000, 0x00000006cb100000, 0x000000076ab00000)
  object space 181248K, 99% used [0x00000006c0000000,0x00000006cb0d9f38,0x00000006cb100000)
 Metaspace       used 9602K, capacity 9731K, committed 9984K, reserved 1058816K
  class space    used 964K, capacity 1016K, committed 1024K, reserved 1048576K
}
Event: 3.876 GC heap before
{Heap before GC invocations=4 (full 1):
 PSYoungGen      total 141824K, used 10720K [0x000000076ab00000, 0x000000077c000000, 0x00000007c0000000)
  eden space 131072K, 0% used [0x000000076ab00000,0x000000076ab00000,0x0000000772b00000)
  from space 10752K, 99% used [0x0000000772b00000,0x0000000773578010,0x0000000773580000)
  to   space 10752K, 0% used [0x000000077b580000,0x000000077b580000,0x000000077c000000)
 ParOldGen       total 181248K, used 181095K [0x00000006c0000000, 0x00000006cb100000, 0x000000076ab00000)
  object space 181248K, 99% used [0x00000006c0000000,0x00000006cb0d9f38,0x00000006cb100000)
 Metaspace       used 9602K, capacity 9731K, committed 9984K, reserved 1058816K
  class space    used 964K, capacity 1016K, committed 1024K, reserved 1048576K
Event: 4.339 GC heap after
Heap after GC invocations=4 (full 1):
 PSYoungGen      total 141824K, used 2009K [0x000000076ab00000, 0x000000077c000000, 0x00000007c0000000)
  eden space 131072K, 0% used [0x000000076ab00000,0x000000076ab00000,0x0000000772b00000)
  from space 10752K, 18% used [0x0000000772b00000,0x0000000772cf6688,0x0000000773580000)
  to   space 10752K, 0% used [0x000000077b580000,0x000000077b580000,0x000000077c000000)
 ParOldGen       total 370176K, used 181036K [0x00000006c0000000, 0x00000006d6980000, 0x000000076ab00000)
  object space 370176K, 48% used [0x00000006c0000000,0x00000006cb0cb1e0,0x00000006d6980000)
 Metaspace       used 9602K, capacity 9731K, committed 9984K, reserved 1058816K
  class space    used 964K, capacity 1016K, committed 1024K, reserved 1048576K
}
Event: 4.863 GC heap before
{Heap before GC invocations=5 (full 1):
 PSYoungGen      total 141824K, used 133081K [0x000000076ab00000, 0x000000077c000000, 0x00000007c0000000)
  eden space 131072K, 100% used [0x000000076ab00000,0x0000000772b00000,0x0000000772b00000)
  from space 10752K, 18% used [0x0000000772b00000,0x0000000772cf6688,0x0000000773580000)
  to   space 10752K, 0% used [0x000000077b580000,0x000000077b580000,0x000000077c000000)
 ParOldGen       total 370176K, used 181036K [0x00000006c0000000, 0x00000006d6980000, 0x000000076ab00000)
  object space 370176K, 48% used [0x00000006c0000000,0x00000006cb0cb1e0,0x00000006d6980000)
 Metaspace       used 9607K, capacity 9731K, committed 9984K, reserved 1058816K
  class space    used 964K, capacity 1016K, committed 1024K, reserved 1048576K
Event: 5.050 GC heap after
Heap after GC invocations=5 (full 1):
 PSYoungGen      total 218112K, used 10720K [0x000000076ab00000, 0x000000077c000000, 0x00000007c0000000)
  eden space 207360K, 0% used [0x000000076ab00000,0x000000076ab00000,0x0000000777580000)
  from space 10752K, 99% used [0x000000077b580000,0x000000077bff8010,0x000000077c000000)
  to   space 10752K, 0% used [0x000000077ab00000,0x000000077ab00000,0x000000077b580000)
 ParOldGen       total 370176K, used 296250K [0x00000006c0000000, 0x00000006d6980000, 0x000000076ab00000)
  object space 370176K, 80% used [0x00000006c0000000,0x00000006d214e840,0x00000006d6980000)
 Metaspace       used 9607K, capacity 9731K, committed 9984K, reserved 1058816K
  class space    used 964K, capacity 1016K, committed 1024K, reserved 1048576K
}
Event: 5.050 GC heap before
{Heap before GC invocations=6 (full 2):
 PSYoungGen      total 218112K, used 10720K [0x000000076ab00000, 0x000000077c000000, 0x00000007c0000000)
  eden space 207360K, 0% used [0x000000076ab00000,0x000000076ab00000,0x0000000777580000)
  from space 10752K, 99% used [0x000000077b580000,0x000000077bff8010,0x000000077c000000)
  to   space 10752K, 0% used [0x000000077ab00000,0x000000077ab00000,0x000000077b580000)
 ParOldGen       total 370176K, used 296250K [0x00000006c0000000, 0x00000006d6980000, 0x000000076ab00000)
  object space 370176K, 80% used [0x00000006c0000000,0x00000006d214e840,0x00000006d6980000)
 Metaspace       used 9607K, capacity 9731K, committed 9984K, reserved 1058816K
  class space    used 964K, capacity 1016K, committed 1024K, reserved 1048576K
Event: 6.075 GC heap after
Heap after GC invocations=6 (full 2):
 PSYoungGen      total 218112K, used 0K [0x000000076ab00000, 0x000000077c000000, 0x00000007c0000000)
  eden space 207360K, 0% used [0x000000076ab00000,0x000000076ab00000,0x0000000777580000)
  from space 10752K, 0% used [0x000000077b580000,0x000000077b580000,0x000000077c000000)
  to   space 10752K, 0% used [0x000000077ab00000,0x000000077ab00000,0x000000077b580000)
 ParOldGen       total 597504K, used 306390K [0x00000006c0000000, 0x00000006e4780000, 0x000000076ab00000)
  object space 597504K, 51% used [0x00000006c0000000,0x00000006d2b35bc0,0x00000006e4780000)
 Metaspace       used 9607K, capacity 9731K, committed 9984K, reserved 1058816K
  class space    used 964K, capacity 1016K, committed 1024K, reserved 1048576K
}

Deoptimization events (10 events):
Event: 1.804 Thread 0x00007f8df6aa7000 Uncommon trap: reason=unstable_if action=reinterpret pc=0x0000000119d1b724 method=java.lang.Math.min(FF)F @ 37
Event: 1.904 Thread 0x00007f8df6aa7000 Uncommon trap: reason=unstable_if action=reinterpret pc=0x0000000119cbf650 method=java.util.ArrayList.remove(Ljava/lang/Object;)Z @ 46
Event: 1.915 Thread 0x00007f8df6aa7000 Uncommon trap: reason=null_check action=make_not_entrant pc=0x0000000119d41cbc method=com.badlogic.gdx.utils.ObjectMap.get(Ljava/lang/Object;)Ljava/lang/Object; @ 38
Event: 2.013 Thread 0x00007f8df6aa7000 Uncommon trap: reason=null_check action=make_not_entrant pc=0x0000000119d6bc24 method=com.badlogic.gdx.utils.ObjectMap.containsKey(Ljava/lang/Object;)Z @ 19
Event: 2.013 Thread 0x00007f8df6aa7000 Uncommon trap: reason=null_check action=make_not_entrant pc=0x0000000119d67a78 method=com.badlogic.gdx.utils.ObjectMap.get(Ljava/lang/Object;)Ljava/lang/Object; @ 57
Event: 2.079 Thread 0x00007f8df6aa7000 Uncommon trap: reason=null_check action=make_not_entrant pc=0x0000000119d83f18 method=com.badlogic.gdx.utils.ObjectMap.containsKey(Ljava/lang/Object;)Z @ 19
Event: 2.304 Thread 0x00007f8df6aa7000 Uncommon trap: reason=predicate action=maybe_recompile pc=0x0000000119d6588c method=java.util.ArrayList.remove(Ljava/lang/Object;)Z @ 49
Event: 3.705 Thread 0x00007f8df6aa7000 Uncommon trap: reason=unstable_if action=reinterpret pc=0x0000000119d43328 method=com.gof.world.TileWorld.getChunk(II)Lcom/gof/world/Chunk; @ 43
Event: 6.670 Thread 0x00007f8df6aa7000 Uncommon trap: reason=unstable_if action=reinterpret pc=0x0000000119e469e4 method=com.gof.world.WorldToPNG.renderPixmap()Lcom/badlogic/gdx/graphics/Pixmap; @ 98
Event: 6.997 Thread 0x00007f8df6aa7000 Uncommon trap: reason=unstable_if action=reinterpret pc=0x0000000119e63a28 method=com.badlogic.gdx.graphics.PixmapIO$PNG.write(Ljava/io/OutputStream;Lcom/badlogic/gdx/graphics/Pixmap;)V @ 317

Internal exceptions (10 events):
Event: 0.497 Thread 0x00007f8df780b000 Exception <a 'java/security/PrivilegedActionException'> (0x000000076b0ddb70) thrown at [/Users/java_re/workspace/8-2-build-macosx-x86_64/jdk8u121/8372/hotspot/src/share/vm/prims/jvm.cpp, line 1390]
Event: 0.498 Thread 0x00007f8df780b000 Exception <a 'java/security/PrivilegedActionException'> (0x000000076b0e2c90) thrown at [/Users/java_re/workspace/8-2-build-macosx-x86_64/jdk8u121/8372/hotspot/src/share/vm/prims/jvm.cpp, line 1390]
Event: 0.498 Thread 0x00007f8df780b000 Exception <a 'java/security/PrivilegedActionException'> (0x000000076b0e38e8) thrown at [/Users/java_re/workspace/8-2-build-macosx-x86_64/jdk8u121/8372/hotspot/src/share/vm/prims/jvm.cpp, line 1390]
Event: 0.498 Thread 0x00007f8df780b000 Exception <a 'java/security/PrivilegedActionException'> (0x000000076b0e4510) thrown at [/Users/java_re/workspace/8-2-build-macosx-x86_64/jdk8u121/8372/hotspot/src/share/vm/prims/jvm.cpp, line 1390]
Event: 1.006 Thread 0x00007f8df6aa7000 Exception <a 'java/lang/ArrayIndexOutOfBoundsException': 18> (0x000000076c40b608) thrown at [/Users/java_re/workspace/8-2-build-macosx-x86_64/jdk8u121/8372/hotspot/src/share/vm/interpreter/interpreterRuntime.cpp, line 366]
Event: 1.006 Thread 0x00007f8df6aa7000 Exception <a 'java/lang/ArrayIndexOutOfBoundsException': 67> (0x000000076c40c588) thrown at [/Users/java_re/workspace/8-2-build-macosx-x86_64/jdk8u121/8372/hotspot/src/share/vm/interpreter/interpreterRuntime.cpp, line 366]
Event: 1.915 Thread 0x00007f8df6aa7000 Implicit null exception at 0x0000000119d41972 to 0x0000000119d41c9d
Event: 2.013 Thread 0x00007f8df6aa7000 Implicit null exception at 0x0000000119d6b7f1 to 0x0000000119d6bc0d
Event: 2.013 Thread 0x00007f8df6aa7000 Implicit null exception at 0x0000000119d67863 to 0x0000000119d67a60
Event: 2.079 Thread 0x00007f8df6aa7000 Implicit null exception at 0x0000000119d83830 to 0x0000000119d83efd

Events (10 events):
Event: 7.080 Executing VM operation: RevokeBias done
Event: 7.080 Executing VM operation: RevokeBias
Event: 7.080 Executing VM operation: RevokeBias done
Event: 7.080 Thread 0x00007f8df6930000 Thread exited: 0x00007f8df6930000
Event: 7.211 Thread 0x00007f8df6aa7000 DEOPT PACKING pc=0x0000000119e57508 sp=0x000070000800f180
Event: 7.211 Thread 0x00007f8df6aa7000 DEOPT UNPACKING pc=0x0000000119a07633 sp=0x000070000800ef90 mode 0
Event: 7.245 Thread 0x00007f8df6aa7000 DEOPT PACKING pc=0x0000000119e47de3 sp=0x000070000800f3a0
Event: 7.245 Thread 0x00007f8df6aa7000 DEOPT UNPACKING pc=0x0000000119a07633 sp=0x000070000800f168 mode 0
Event: 7.500 Thread 0x00007f8df6aa7000 DEOPT PACKING pc=0x0000000119e47de3 sp=0x000070000800f3a0
Event: 7.500 Thread 0x00007f8df6aa7000 DEOPT UNPACKING pc=0x0000000119a07633 sp=0x000070000800f168 mode 0


Dynamic libraries:
0x0000000019aaa000 	/System/Library/Frameworks/Cocoa.framework/Versions/A/Cocoa
0x0000000019aaa000 	/System/Library/Frameworks/Security.framework/Versions/A/Security
0x0000000019aaa000 	/System/Library/Frameworks/ApplicationServices.framework/Versions/A/ApplicationServices
0x0000000019aaa000 	/usr/lib/libz.1.dylib
0x0000000019aaa000 	/usr/lib/libSystem.B.dylib
0x0000000019aaa000 	/usr/lib/libobjc.A.dylib
0x0000000019aaa000 	/System/Library/Frameworks/CoreFoundation.framework/Versions/A/CoreFoundation
0x0000000019aaa000 	/System/Library/Frameworks/Foundation.framework/Versions/C/Foundation
0x0000000019aaa000 	/System/Library/Frameworks/AppKit.framework/Versions/C/AppKit
0x0000000019aaa000 	/System/Library/Frameworks/CoreData.framework/Versions/A/CoreData
0x0000000019aaa000 	/System/Library/PrivateFrameworks/RemoteViewServices.framework/Versions/A/RemoteViewServices
0x0000000019aaa000 	/System/Library/PrivateFrameworks/UIFoundation.framework/Versions/A/UIFoundation
0x0000000019aaa000 	/System/Library/PrivateFrameworks/DFRFoundation.framework/Versions/A/DFRFoundation
0x0000000019aaa000 	/System/Library/Frameworks/Metal.framework/Versions/A/Metal
0x0000000019aaa000 	/System/Library/PrivateFrameworks/DesktopServicesPriv.framework/Versions/A/DesktopServicesPriv
0x0000000019aaa000 	/usr/lib/libenergytrace.dylib
0x0000000019aaa000 	/System/Library/PrivateFrameworks/SkyLight.framework/Versions/A/SkyLight
0x0000000019aaa000 	/System/Library/Frameworks/CoreGraphics.framework/Versions/A/CoreGraphics
0x0000000019aaa000 	/usr/lib/libScreenReader.dylib
0x0000000019aaa000 	/System/Library/Frameworks/Accelerate.framework/Versions/A/Accelerate
0x0000000019aaa000 	/System/Library/Frameworks/IOSurface.framework/Versions/A/IOSurface
0x0000000019aaa000 	/System/Library/Frameworks/AudioToolbox.framework/Versions/A/AudioToolbox
0x0000000019aaa000 	/System/Library/Frameworks/AudioUnit.framework/Versions/A/AudioUnit
0x0000000019aaa000 	/System/Library/PrivateFrameworks/DataDetectorsCore.framework/Versions/A/DataDetectorsCore
0x0000000019aaa000 	/System/Library/Frameworks/Carbon.framework/Versions/A/Frameworks/HIToolbox.framework/Versions/A/HIToolbox
0x0000000019aaa000 	/usr/lib/libicucore.A.dylib
0x0000000019aaa000 	/System/Library/Frameworks/QuartzCore.framework/Versions/A/QuartzCore
0x0000000019aaa000 	/System/Library/PrivateFrameworks/SignpostNotification.framework/Versions/A/SignpostNotification
0x0000000019aaa000 	/System/Library/Frameworks/Carbon.framework/Versions/A/Frameworks/SpeechRecognition.framework/Versions/A/SpeechRecognition
0x0000000019aaa000 	/usr/lib/libauto.dylib
0x0000000019aaa000 	/usr/lib/libxml2.2.dylib
0x0000000019aaa000 	/System/Library/PrivateFrameworks/CoreUI.framework/Versions/A/CoreUI
0x0000000019aaa000 	/System/Library/Frameworks/CoreAudio.framework/Versions/A/CoreAudio
0x0000000019aaa000 	/System/Library/Frameworks/DiskArbitration.framework/Versions/A/DiskArbitration
0x0000000019aaa000 	/usr/lib/liblangid.dylib
0x0000000019aaa000 	/System/Library/PrivateFrameworks/MultitouchSupport.framework/Versions/A/MultitouchSupport
0x0000000019aaa000 	/System/Library/Frameworks/IOKit.framework/Versions/A/IOKit
0x0000000019aaa000 	/usr/lib/libDiagnosticMessagesClient.dylib
0x0000000019aaa000 	/System/Library/Frameworks/CoreServices.framework/Versions/A/CoreServices
0x0000000019aaa000 	/System/Library/PrivateFrameworks/PerformanceAnalysis.framework/Versions/A/PerformanceAnalysis
0x0000000019aaa000 	/System/Library/Frameworks/OpenGL.framework/Versions/A/OpenGL
0x0000000019aaa000 	/System/Library/Frameworks/ColorSync.framework/Versions/A/ColorSync
0x0000000019aaa000 	/System/Library/Frameworks/CoreImage.framework/Versions/A/CoreImage
0x0000000019aaa000 	/System/Library/Frameworks/CoreText.framework/Versions/A/CoreText
0x0000000019aaa000 	/System/Library/Frameworks/ImageIO.framework/Versions/A/ImageIO
0x0000000019aaa000 	/System/Library/PrivateFrameworks/Backup.framework/Versions/A/Backup
0x0000000019aaa000 	/usr/lib/libarchive.2.dylib
0x0000000019aaa000 	/System/Library/Frameworks/CFNetwork.framework/Versions/A/CFNetwork
0x0000000019aaa000 	/System/Library/Frameworks/SystemConfiguration.framework/Versions/A/SystemConfiguration
0x0000000019aaa000 	/usr/lib/libCRFSuite.dylib
0x0000000019aaa000 	/usr/lib/libc++.1.dylib
0x0000000019aaa000 	/usr/lib/libc++abi.dylib
0x0000000019aaa000 	/usr/lib/system/libcache.dylib
0x0000000019aaa000 	/usr/lib/system/libcommonCrypto.dylib
0x0000000019aaa000 	/usr/lib/system/libcompiler_rt.dylib
0x0000000019aaa000 	/usr/lib/system/libcopyfile.dylib
0x0000000019aaa000 	/usr/lib/system/libcorecrypto.dylib
0x0000000019aaa000 	/usr/lib/system/libdispatch.dylib
0x0000000019aaa000 	/usr/lib/system/libdyld.dylib
0x0000000019aaa000 	/usr/lib/system/libkeymgr.dylib
0x0000000019aaa000 	/usr/lib/system/liblaunch.dylib
0x0000000019aaa000 	/usr/lib/system/libmacho.dylib
0x0000000019aaa000 	/usr/lib/system/libquarantine.dylib
0x0000000019aaa000 	/usr/lib/system/libremovefile.dylib
0x0000000019aaa000 	/usr/lib/system/libsystem_asl.dylib
0x0000000019aaa000 	/usr/lib/system/libsystem_blocks.dylib
0x0000000019aaa000 	/usr/lib/system/libsystem_c.dylib
0x0000000019aaa000 	/usr/lib/system/libsystem_configuration.dylib
0x0000000019aaa000 	/usr/lib/system/libsystem_coreservices.dylib
0x0000000019aaa000 	/usr/lib/system/libsystem_darwin.dylib
0x0000000019aaa000 	/usr/lib/system/libsystem_dnssd.dylib
0x0000000019aaa000 	/usr/lib/system/libsystem_info.dylib
0x0000000019aaa000 	/usr/lib/system/libsystem_m.dylib
0x0000000019aaa000 	/usr/lib/system/libsystem_malloc.dylib
0x0000000019aaa000 	/usr/lib/system/libsystem_network.dylib
0x0000000019aaa000 	/usr/lib/system/libsystem_networkextension.dylib
0x0000000019aaa000 	/usr/lib/system/libsystem_notify.dylib
0x0000000019aaa000 	/usr/lib/system/libsystem_sandbox.dylib
0x0000000019aaa000 	/usr/lib/system/libsystem_secinit.dylib
0x0000000019aaa000 	/usr/lib/system/libsystem_kernel.dylib
0x0000000019aaa000 	/usr/lib/system/libsystem_platform.dylib
0x0000000019aaa000 	/usr/lib/system/libsystem_pthread.dylib
0x0000000019aaa000 	/usr/lib/system/libsystem_symptoms.dylib
0x0000000019aaa000 	/usr/lib/system/libsystem_trace.dylib
0x0000000019aaa000 	/usr/lib/system/libunwind.dylib
0x0000000019aaa000 	/usr/lib/system/libxpc.dylib
0x0000000019aaa000 	/usr/lib/closure/libclosured.dylib
0x0000000019aaa000 	/usr/lib/libbsm.0.dylib
0x0000000019aaa000 	/usr/lib/system/libkxld.dylib
0x0000000019aaa000 	/usr/lib/libOpenScriptingUtil.dylib
0x0000000019aaa000 	/usr/lib/libcoretls.dylib
0x0000000019aaa000 	/usr/lib/libcoretls_cfhelpers.dylib
0x0000000019aaa000 	/usr/lib/libpam.2.dylib
0x0000000019aaa000 	/usr/lib/libsqlite3.dylib
0x0000000019aaa000 	/usr/lib/libxar.1.dylib
0x0000000019aaa000 	/usr/lib/libbz2.1.0.dylib
0x0000000019aaa000 	/usr/lib/liblzma.5.dylib
0x0000000019aaa000 	/usr/lib/libnetwork.dylib
0x0000000019aaa000 	/usr/lib/libapple_nghttp2.dylib
0x0000000019aaa000 	/usr/lib/libpcap.A.dylib
0x0000000019aaa000 	/usr/lib/libboringssl.dylib
0x0000000019aaa000 	/usr/lib/libusrtcp.dylib
0x0000000019aaa000 	/usr/lib/libapple_crypto.dylib
0x0000000019aaa000 	/System/Library/Frameworks/CoreServices.framework/Versions/A/Frameworks/FSEvents.framework/Versions/A/FSEvents
0x0000000019aaa000 	/System/Library/Frameworks/CoreServices.framework/Versions/A/Frameworks/CarbonCore.framework/Versions/A/CarbonCore
0x0000000019aaa000 	/System/Library/Frameworks/CoreServices.framework/Versions/A/Frameworks/Metadata.framework/Versions/A/Metadata
0x0000000019aaa000 	/System/Library/Frameworks/CoreServices.framework/Versions/A/Frameworks/OSServices.framework/Versions/A/OSServices
0x0000000019aaa000 	/System/Library/Frameworks/CoreServices.framework/Versions/A/Frameworks/SearchKit.framework/Versions/A/SearchKit
0x0000000019aaa000 	/System/Library/Frameworks/CoreServices.framework/Versions/A/Frameworks/AE.framework/Versions/A/AE
0x0000000019aaa000 	/System/Library/Frameworks/CoreServices.framework/Versions/A/Frameworks/LaunchServices.framework/Versions/A/LaunchServices
0x0000000019aaa000 	/System/Library/Frameworks/CoreServices.framework/Versions/A/Frameworks/DictionaryServices.framework/Versions/A/DictionaryServices
0x0000000019aaa000 	/System/Library/Frameworks/CoreServices.framework/Versions/A/Frameworks/SharedFileList.framework/Versions/A/SharedFileList
0x0000000019aaa000 	/System/Library/Frameworks/NetFS.framework/Versions/A/NetFS
0x0000000019aaa000 	/System/Library/PrivateFrameworks/NetAuth.framework/Versions/A/NetAuth
0x0000000019aaa000 	/System/Library/PrivateFrameworks/login.framework/Versions/A/Frameworks/loginsupport.framework/Versions/A/loginsupport
0x0000000019aaa000 	/System/Library/PrivateFrameworks/TCC.framework/Versions/A/TCC
0x0000000019aaa000 	/usr/lib/libmecabra.dylib
0x0000000019aaa000 	/System/Library/Frameworks/ApplicationServices.framework/Versions/A/Frameworks/ATS.framework/Versions/A/ATS
0x0000000019aaa000 	/System/Library/Frameworks/ApplicationServices.framework/Versions/A/Frameworks/ColorSyncLegacy.framework/Versions/A/ColorSyncLegacy
0x0000000019aaa000 	/System/Library/Frameworks/ApplicationServices.framework/Versions/A/Frameworks/HIServices.framework/Versions/A/HIServices
0x0000000019aaa000 	/System/Library/Frameworks/ApplicationServices.framework/Versions/A/Frameworks/LangAnalysis.framework/Versions/A/LangAnalysis
0x0000000019aaa000 	/System/Library/Frameworks/ApplicationServices.framework/Versions/A/Frameworks/PrintCore.framework/Versions/A/PrintCore
0x0000000019aaa000 	/System/Library/Frameworks/ApplicationServices.framework/Versions/A/Frameworks/QD.framework/Versions/A/QD
0x0000000019aaa000 	/System/Library/Frameworks/ApplicationServices.framework/Versions/A/Frameworks/SpeechSynthesis.framework/Versions/A/SpeechSynthesis
0x0000000019aaa000 	/System/Library/Frameworks/CoreDisplay.framework/Versions/A/CoreDisplay
0x0000000019aaa000 	/System/Library/Frameworks/Accelerate.framework/Versions/A/Frameworks/vImage.framework/Versions/A/vImage
0x0000000019aaa000 	/System/Library/Frameworks/Accelerate.framework/Versions/A/Frameworks/vecLib.framework/Versions/A/vecLib
0x0000000019aaa000 	/System/Library/Frameworks/Accelerate.framework/Versions/A/Frameworks/vecLib.framework/Versions/A/libvDSP.dylib
0x0000000019aaa000 	/System/Library/Frameworks/Accelerate.framework/Versions/A/Frameworks/vecLib.framework/Versions/A/libBNNS.dylib
0x0000000019aaa000 	/System/Library/Frameworks/Accelerate.framework/Versions/A/Frameworks/vecLib.framework/Versions/A/libQuadrature.dylib
0x0000000019aaa000 	/System/Library/Frameworks/Accelerate.framework/Versions/A/Frameworks/vecLib.framework/Versions/A/libvMisc.dylib
0x0000000019aaa000 	/System/Library/Frameworks/Accelerate.framework/Versions/A/Frameworks/vecLib.framework/Versions/A/libLAPACK.dylib
0x0000000019aaa000 	/System/Library/Frameworks/Accelerate.framework/Versions/A/Frameworks/vecLib.framework/Versions/A/libBLAS.dylib
0x0000000019aaa000 	/System/Library/Frameworks/Accelerate.framework/Versions/A/Frameworks/vecLib.framework/Versions/A/libLinearAlgebra.dylib
0x0000000019aaa000 	/System/Library/Frameworks/Accelerate.framework/Versions/A/Frameworks/vecLib.framework/Versions/A/libSparse.dylib
0x0000000019aaa000 	/System/Library/Frameworks/Accelerate.framework/Versions/A/Frameworks/vecLib.framework/Versions/A/libSparseBLAS.dylib
0x0000000019aaa000 	/System/Library/PrivateFrameworks/GPUWrangler.framework/Versions/A/GPUWrangler
0x0000000019aaa000 	/System/Library/PrivateFrameworks/IOAccelerator.framework/Versions/A/IOAccelerator
0x0000000019aaa000 	/System/Library/PrivateFrameworks/IOPresentment.framework/Versions/A/IOPresentment
0x0000000019aaa000 	/System/Library/PrivateFrameworks/DSExternalDisplay.framework/Versions/A/DSExternalDisplay
0x0000000019aaa000 	/System/Library/Frameworks/OpenGL.framework/Versions/A/Libraries/libCoreFSCache.dylib
0x0000000019aaa000 	/System/Library/Frameworks/CoreVideo.framework/Versions/A/CoreVideo
0x0000000019aaa000 	/System/Library/PrivateFrameworks/GraphVisualizer.framework/Versions/A/GraphVisualizer
0x0000000019aaa000 	/System/Library/Frameworks/MetalPerformanceShaders.framework/Versions/A/MetalPerformanceShaders
0x0000000019aaa000 	/usr/lib/libFosl_dynamic.dylib
0x0000000019aaa000 	/System/Library/PrivateFrameworks/FaceCore.framework/Versions/A/FaceCore
0x0000000019aaa000 	/System/Library/Frameworks/OpenCL.framework/Versions/A/OpenCL
0x0000000019aaa000 	/usr/lib/libcompression.dylib
0x0000000019aaa000 	/System/Library/Frameworks/ApplicationServices.framework/Versions/A/Frameworks/ATS.framework/Versions/A/Resources/libFontParser.dylib
0x0000000019aaa000 	/System/Library/Frameworks/ApplicationServices.framework/Versions/A/Frameworks/ATS.framework/Versions/A/Resources/libFontRegistry.dylib
0x0000000019aaa000 	/System/Library/Frameworks/ImageIO.framework/Versions/A/Resources/libJPEG.dylib
0x0000000019aaa000 	/System/Library/Frameworks/ImageIO.framework/Versions/A/Resources/libTIFF.dylib
0x0000000019aaa000 	/System/Library/Frameworks/ImageIO.framework/Versions/A/Resources/libPng.dylib
0x0000000019aaa000 	/System/Library/Frameworks/ImageIO.framework/Versions/A/Resources/libGIF.dylib
0x0000000019aaa000 	/System/Library/Frameworks/ImageIO.framework/Versions/A/Resources/libJP2.dylib
0x0000000019aaa000 	/System/Library/Frameworks/ImageIO.framework/Versions/A/Resources/libRadiance.dylib
0x0000000019aaa000 	/System/Library/PrivateFrameworks/AppleJPEG.framework/Versions/A/AppleJPEG
0x0000000019aaa000 	/System/Library/Frameworks/MetalPerformanceShaders.framework/Frameworks/MPSCore.framework/Versions/A/MPSCore
0x0000000019aaa000 	/System/Library/Frameworks/MetalPerformanceShaders.framework/Frameworks/MPSImage.framework/Versions/A/MPSImage
0x0000000019aaa000 	/System/Library/Frameworks/MetalPerformanceShaders.framework/Frameworks/MPSNeuralNetwork.framework/Versions/A/MPSNeuralNetwork
0x0000000019aaa000 	/System/Library/Frameworks/MetalPerformanceShaders.framework/Frameworks/MPSMatrix.framework/Versions/A/MPSMatrix
0x0000000019aaa000 	/System/Library/PrivateFrameworks/MetalTools.framework/Versions/A/MetalTools
0x0000000019aaa000 	/System/Library/Frameworks/OpenGL.framework/Versions/A/Libraries/libGLU.dylib
0x0000000019aaa000 	/System/Library/Frameworks/OpenGL.framework/Versions/A/Libraries/libGFXShared.dylib
0x0000000019aaa000 	/System/Library/Frameworks/OpenGL.framework/Versions/A/Libraries/libGL.dylib
0x0000000019aaa000 	/System/Library/Frameworks/OpenGL.framework/Versions/A/Libraries/libGLImage.dylib
0x0000000019aaa000 	/System/Library/Frameworks/OpenGL.framework/Versions/A/Libraries/libCVMSPluginSupport.dylib
0x0000000019aaa000 	/System/Library/Frameworks/OpenGL.framework/Versions/A/Libraries/libCoreVMClient.dylib
0x0000000019aaa000 	/usr/lib/libcups.2.dylib
0x0000000019aaa000 	/System/Library/Frameworks/Kerberos.framework/Versions/A/Kerberos
0x0000000019aaa000 	/System/Library/Frameworks/GSS.framework/Versions/A/GSS
0x0000000019aaa000 	/usr/lib/libresolv.9.dylib
0x0000000019aaa000 	/usr/lib/libiconv.2.dylib
0x0000000019aaa000 	/System/Library/PrivateFrameworks/Heimdal.framework/Versions/A/Heimdal
0x0000000019aaa000 	/usr/lib/libheimdal-asn1.dylib
0x0000000019aaa000 	/System/Library/Frameworks/OpenDirectory.framework/Versions/A/OpenDirectory
0x0000000019aaa000 	/System/Library/PrivateFrameworks/CommonAuth.framework/Versions/A/CommonAuth
0x0000000019aaa000 	/System/Library/Frameworks/OpenDirectory.framework/Versions/A/Frameworks/CFOpenDirectory.framework/Versions/A/CFOpenDirectory
0x0000000019aaa000 	/System/Library/Frameworks/SecurityFoundation.framework/Versions/A/SecurityFoundation
0x0000000019aaa000 	/System/Library/PrivateFrameworks/APFS.framework/Versions/A/APFS
0x0000000019aaa000 	/usr/lib/libutil.dylib
0x0000000019aaa000 	/System/Library/PrivateFrameworks/AppleSauce.framework/Versions/A/AppleSauce
0x0000000019aaa000 	/System/Library/PrivateFrameworks/LinguisticData.framework/Versions/A/LinguisticData
0x0000000019aaa000 	/usr/lib/libmarisa.dylib
0x0000000019aaa000 	/System/Library/PrivateFrameworks/Lexicon.framework/Versions/A/Lexicon
0x0000000019aaa000 	/usr/lib/libChineseTokenizer.dylib
0x0000000019aaa000 	/usr/lib/libcmph.dylib
0x0000000019aaa000 	/System/Library/PrivateFrameworks/LanguageModeling.framework/Versions/A/LanguageModeling
0x0000000019aaa000 	/System/Library/PrivateFrameworks/CoreEmoji.framework/Versions/A/CoreEmoji
0x0000000019aaa000 	/System/Library/Frameworks/ServiceManagement.framework/Versions/A/ServiceManagement
0x0000000019aaa000 	/System/Library/PrivateFrameworks/BackgroundTaskManagement.framework/Versions/A/BackgroundTaskManagement
0x0000000019aaa000 	/usr/lib/libxslt.1.dylib
0x0000000019aaa000 	/System/Library/Frameworks/Carbon.framework/Versions/A/Frameworks/Ink.framework/Versions/A/Ink
0x0000000019aaa000 	/System/Library/PrivateFrameworks/TextureIO.framework/Versions/A/TextureIO
0x0000000019aaa000 	/usr/lib/libate.dylib
0x0000000019aaa000 	/System/Library/PrivateFrameworks/CrashReporterSupport.framework/Versions/A/CrashReporterSupport
0x0000000019aaa000 	/System/Library/PrivateFrameworks/Sharing.framework/Versions/A/Sharing
0x0000000019aaa000 	/System/Library/PrivateFrameworks/IconServices.framework/Versions/A/IconServices
0x0000000019aaa000 	/System/Library/PrivateFrameworks/AuthKit.framework/Versions/A/AuthKit
0x0000000019aaa000 	/System/Library/PrivateFrameworks/Apple80211.framework/Versions/A/Apple80211
0x0000000019aaa000 	/System/Library/PrivateFrameworks/CoreUtils.framework/Versions/A/CoreUtils
0x0000000019aaa000 	/System/Library/Frameworks/CoreWLAN.framework/Versions/A/CoreWLAN
0x0000000019aaa000 	/System/Library/Frameworks/IOBluetooth.framework/Versions/A/IOBluetooth
0x0000000019aaa000 	/System/Library/PrivateFrameworks/ProtocolBuffer.framework/Versions/A/ProtocolBuffer
0x0000000019aaa000 	/System/Library/PrivateFrameworks/MobileKeyBag.framework/Versions/A/MobileKeyBag
0x0000000019aaa000 	/System/Library/PrivateFrameworks/CorePhoneNumbers.framework/Versions/A/CorePhoneNumbers
0x0000000019aaa000 	/System/Library/PrivateFrameworks/AppleIDAuthSupport.framework/Versions/A/AppleIDAuthSupport
0x0000000019aaa000 	/System/Library/PrivateFrameworks/KeychainCircle.framework/Versions/A/KeychainCircle
0x0000000019aaa000 	/System/Library/PrivateFrameworks/CoreWiFi.framework/Versions/A/CoreWiFi
0x0000000019aaa000 	/System/Library/Frameworks/CoreBluetooth.framework/Versions/A/CoreBluetooth
0x0000000019aaa000 	/System/Library/PrivateFrameworks/DebugSymbols.framework/Versions/A/DebugSymbols
0x0000000019aaa000 	/System/Library/PrivateFrameworks/CoreSymbolication.framework/Versions/A/CoreSymbolication
0x0000000019aaa000 	/System/Library/PrivateFrameworks/Symbolication.framework/Versions/A/Symbolication
0x0000000019aaa000 	/System/Library/PrivateFrameworks/AppleFSCompression.framework/Versions/A/AppleFSCompression
0x0000000019aaa000 	/System/Library/PrivateFrameworks/SpeechRecognitionCore.framework/Versions/A/SpeechRecognitionCore
0x000000010a400000 	/Library/Java/JavaVirtualMachines/jdk1.8.0_121.jdk/Contents/Home/jre/lib/server/libjvm.dylib
0x0000000019aaa000 	/usr/lib/libstdc++.6.0.9.dylib
0x0000000109b6e000 	/Library/Java/JavaVirtualMachines/jdk1.8.0_121.jdk/Contents/Home/jre/lib/libverify.dylib
0x0000000109b7c000 	/Library/Java/JavaVirtualMachines/jdk1.8.0_121.jdk/Contents/Home/jre/lib/libjava.dylib
0x000000010b3a2000 	/Library/Java/JavaVirtualMachines/jdk1.8.0_121.jdk/Contents/Home/jre/lib/libzip.dylib
0x0000000019aaa000 	/System/Library/Frameworks/JavaVM.framework/Versions/A/Frameworks/JavaRuntimeSupport.framework/Versions/A/JavaRuntimeSupport
0x0000000019aaa000 	/System/Library/Frameworks/JavaVM.framework/Versions/A/Frameworks/JavaNativeFoundation.framework/Versions/A/JavaNativeFoundation
0x0000000019aaa000 	/System/Library/Frameworks/JavaVM.framework/Versions/A/JavaVM
0x0000000019aaa000 	/System/Library/Frameworks/Carbon.framework/Versions/A/Carbon
0x0000000019aaa000 	/System/Library/PrivateFrameworks/JavaLaunching.framework/Versions/A/JavaLaunching
0x0000000019aaa000 	/System/Library/Frameworks/Carbon.framework/Versions/A/Frameworks/CommonPanels.framework/Versions/A/CommonPanels
0x0000000019aaa000 	/System/Library/Frameworks/Carbon.framework/Versions/A/Frameworks/Help.framework/Versions/A/Help
0x0000000019aaa000 	/System/Library/Frameworks/Carbon.framework/Versions/A/Frameworks/ImageCapture.framework/Versions/A/ImageCapture
0x0000000019aaa000 	/System/Library/Frameworks/Carbon.framework/Versions/A/Frameworks/OpenScripting.framework/Versions/A/OpenScripting
0x0000000019aaa000 	/System/Library/Frameworks/Carbon.framework/Versions/A/Frameworks/Print.framework/Versions/A/Print
0x0000000019aaa000 	/System/Library/Frameworks/Carbon.framework/Versions/A/Frameworks/SecurityHI.framework/Versions/A/SecurityHI
0x00000001181ef000 	/private/var/folders/6j/chlscnr11392t8q1nqg121b00000gn/T/libgdxnbaumgartner/6c379ad2/libgdx64.dylib
0x0000000118239000 	/Library/Java/JavaVirtualMachines/jdk1.8.0_121.jdk/Contents/Home/jre/lib/libawt.dylib
0x00000001182e1000 	/Library/Java/JavaVirtualMachines/jdk1.8.0_121.jdk/Contents/Home/jre/lib/./libmlib_image.dylib
0x00000001183ad000 	/Library/Java/JavaVirtualMachines/jdk1.8.0_121.jdk/Contents/Home/jre/lib/libawt_lwawt.dylib
0x0000000118464000 	/Library/Java/JavaVirtualMachines/jdk1.8.0_121.jdk/Contents/Home/jre/lib/./libosxapp.dylib
0x0000000019aaa000 	/System/Library/Frameworks/ExceptionHandling.framework/Versions/A/ExceptionHandling
0x0000000019aaa000 	/System/Library/PrivateFrameworks/CoreServicesInternal.framework/Versions/A/CoreServicesInternal
0x0000000019aaa000 	/System/Library/CoreServices/RawCamera.bundle/Contents/MacOS/RawCamera
0x0000000019aaa000 	/System/Library/PrivateFrameworks/MobileAsset.framework/Versions/A/MobileAsset
0x0000000019aaa000 	/System/Library/PrivateFrameworks/StreamingZip.framework/Versions/A/StreamingZip
0x0000000019aaa000 	/System/Library/Frameworks/MediaToolbox.framework/Versions/A/MediaToolbox
0x0000000019aaa000 	/System/Library/PrivateFrameworks/CoreAVCHD.framework/Versions/A/CoreAVCHD
0x0000000019aaa000 	/System/Library/Frameworks/MediaAccessibility.framework/Versions/A/MediaAccessibility
0x0000000019aaa000 	/System/Library/PrivateFrameworks/Mangrove.framework/Versions/A/Mangrove
0x0000000019aaa000 	/System/Library/Frameworks/CoreMedia.framework/Versions/A/CoreMedia
0x0000000019aaa000 	/System/Library/Frameworks/VideoToolbox.framework/Versions/A/VideoToolbox
0x0000000019aaa000 	/System/Library/PrivateFrameworks/CoreAUC.framework/Versions/A/CoreAUC
0x0000000019aaa000 	/usr/lib/libspindump.dylib
0x0000000019aaa000 	/System/Library/PrivateFrameworks/AppleVA.framework/Versions/A/AppleVA
0x0000000019aaa000 	/System/Library/Frameworks/Accelerate.framework/Versions/A/Frameworks/vImage.framework/Versions/A/Libraries/libCGInterfaces.dylib
0x0000000019aaa000 	/System/Library/Frameworks/ApplicationServices.framework/Versions/A/Frameworks/ATS.framework/Versions/A/Resources/libTrueTypeScaler.dylib
0x0000000019aaa000 	/System/Library/Extensions/AppleIntelSKLGraphicsMTLDriver.bundle/Contents/MacOS/AppleIntelSKLGraphicsMTLDriver
0x0000000019aaa000 	/System/Library/PrivateFrameworks/GPUCompiler.framework/Versions/3802/Libraries/libmetal_timestamp.dylib
0x0000000019aaa000 	/System/Library/PrivateFrameworks/FamilyControls.framework/Versions/A/FamilyControls
0x0000000019aaa000 	/System/Library/PrivateFrameworks/CommerceKit.framework/Versions/A/Frameworks/CommerceCore.framework/Versions/A/CommerceCore
0x0000000019aaa000 	/System/Library/PrivateFrameworks/SystemAdministration.framework/Versions/A/SystemAdministration
0x0000000019aaa000 	/System/Library/PrivateFrameworks/AppContainer.framework/Versions/A/AppContainer
0x0000000019aaa000 	/System/Library/PrivateFrameworks/SecCodeWrapper.framework/Versions/A/SecCodeWrapper
0x0000000019aaa000 	/System/Library/PrivateFrameworks/DiskManagement.framework/Versions/A/DiskManagement
0x0000000019aaa000 	/System/Library/Frameworks/DirectoryService.framework/Versions/A/DirectoryService
0x0000000019aaa000 	/System/Library/PrivateFrameworks/DiskImages.framework/Versions/A/DiskImages
0x0000000019aaa000 	/System/Library/PrivateFrameworks/LoginUIKit.framework/Versions/A/Frameworks/LoginUICore.framework/Versions/A/LoginUICore
0x0000000019aaa000 	/usr/lib/libCoreStorage.dylib
0x0000000019aaa000 	/usr/lib/libcsfde.dylib
0x0000000019aaa000 	/usr/lib/libodfde.dylib
0x0000000019aaa000 	/System/Library/PrivateFrameworks/MediaKit.framework/Versions/A/MediaKit
0x0000000019aaa000 	/System/Library/Frameworks/DiscRecording.framework/Versions/A/DiscRecording
0x0000000019aaa000 	/System/Library/PrivateFrameworks/EFILogin.framework/Versions/A/EFILogin
0x0000000019aaa000 	/System/Library/PrivateFrameworks/ProtectedCloudStorage.framework/Versions/A/ProtectedCloudStorage
0x0000000019aaa000 	/usr/lib/libcurl.4.dylib
0x0000000019aaa000 	/usr/lib/libcrypto.35.dylib
0x0000000019aaa000 	/usr/lib/libssl.35.dylib
0x0000000019aaa000 	/System/Library/Frameworks/LDAP.framework/Versions/A/LDAP
0x0000000019aaa000 	/System/Library/PrivateFrameworks/TrustEvaluationAgent.framework/Versions/A/TrustEvaluationAgent
0x0000000019aaa000 	/usr/lib/libsasl2.2.dylib
0x0000000019aaa000 	/System/Library/PrivateFrameworks/CoreDaemon.framework/Versions/B/CoreDaemon
0x0000000019aaa000 	/System/Library/PrivateFrameworks/AppleSRP.framework/Versions/A/AppleSRP
0x0000000019aaa000 	/System/Library/Frameworks/OpenGL.framework/Versions/A/Resources/GLEngine.bundle/GLEngine
0x0000000019aaa000 	/System/Library/Frameworks/OpenGL.framework/Versions/A/Libraries/libGLProgrammability.dylib
0x000000012a619000 	/System/Library/Extensions/AppleIntelSKLGraphicsGLDriver.bundle/Contents/MacOS/AppleIntelSKLGraphicsGLDriver
0x0000000019aaa000 	/System/Library/PrivateFrameworks/GPUSupport.framework/Versions/A/Libraries/libGPUSupportMercury.dylib
0x0000000019aaa000 	/System/Library/Frameworks/OpenGL.framework/Versions/A/Resources/GLRendererFloat.bundle/GLRendererFloat
0x0000000019aaa000 	/System/Library/Frameworks/OpenCL.framework/Versions/A/Libraries/libcldcpuengine.dylib
0x000000012bc8d000 	/Library/Java/JavaVirtualMachines/jdk1.8.0_121.jdk/Contents/Home/jre/lib/libfontmanager.dylib
0x000000012bcf4000 	/private/var/folders/6j/chlscnr11392t8q1nqg121b00000gn/T/libgdxnbaumgartner/f7649394/liblwjgl.dylib
0x000000012bbe9000 	/Library/Java/JavaVirtualMachines/jdk1.8.0_121.jdk/Contents/Home/jre/lib/libjawt.dylib
0x000000012bd76000 	/var/folders/6j/chlscnr11392t8q1nqg121b00000gn/T/libgdxnbaumgartner/f7649394/openal.dylib
0x000000012bde5000 	/System/Library/Components/CoreAudio.component/Contents/MacOS/CoreAudio
0x000000012c02f000 	/System/Library/Extensions/AppleHDA.kext/Contents/PlugIns/AppleHDAHALPlugIn.bundle/Contents/MacOS/AppleHDAHALPlugIn
0x0000000019aaa000 	/System/Library/PrivateFrameworks/ViewBridge.framework/Versions/A/ViewBridge
0x000000012e3ef000 	/private/var/folders/6j/chlscnr11392t8q1nqg121b00000gn/T/libgdxnbaumgartner/fc2ef942/libgdx-controllers-desktop64.dylib
0x0000000019aaa000 	/System/Library/PrivateFrameworks/login.framework/Versions/A/login

VM Arguments:
jvm_args: -Dfile.encoding=UTF-8 
java_command: com.gof.desktop.DesktopLauncher
java_class_path (initial): /Users/nbaumgartner/Documents/GitHub/God-of-Forest/desktop/bin:/Users/nbaumgartner/Documents/GitHub/God-of-Forest/core/bin:/Users/nbaumgartner/.gradle/caches/modules-2/files-2.1/com.badlogicgames.gdx/gdx-backend-lwjgl/1.9.5/ad5223b755809a92f44e7f6208f4af6a3b39dcc0/gdx-backend-lwjgl-1.9.5.jar:/Users/nbaumgartner/.gradle/caches/modules-2/files-2.1/com.badlogicgames.gdx/gdx-platform/1.9.5/bc0c7ee7fca96eb3c691b5a87cf11fd4d9f1bab6/gdx-platform-1.9.5-natives-desktop.jar:/Users/nbaumgartner/.gradle/caches/modules-2/files-2.1/com.badlogicgames.gdx/gdx-controllers-desktop/1.9.5/e7d5153a20aec6a02a9bae9fd29c51ae7cc2f58b/gdx-controllers-desktop-1.9.5.jar:/Users/nbaumgartner/.gradle/caches/modules-2/files-2.1/com.badlogicgames.gdx/gdx-controllers-platform/1.9.5/959211f99e49a188a03a2bb3fa0ed7a8a33a6a61/gdx-controllers-platform-1.9.5-natives-desktop.jar:/Users/nbaumgartner/.gradle/caches/modules-2/files-2.1/com.badlogicgames.gdx/gdx/1.9.5/dc65bb2f51828c58b1b2b3ac585357204d54ee5f/gdx-1.9.5.jar:/Users/nbaumgartner/.gradle/caches/modules-2/files-2.1/com.badlogicgames.gdx/gdx-controllers/1.9.5/5a067651ea4cb1402faff77c4f73e8bfc6bc92b5/gdx-controllers-1.9.5.jar:/Users/nbaumgartner/.gradle/caches/modules-2/files-2.1/org.lwjgl.lwjgl/lwjgl/2.9.2/a9d80fe5935c7a9149f6584d9777cfd471f65489/lwjgl-2.9.2.jar:/Users/nbaumgartner/.gradle/caches/modules-2/files-2.1/org.lwjgl.lwjgl/lwjgl_util/2.9.2/4b9e37300a87799856e0bd15ed81663cdb6b0947/lwjgl_util-2.9.2.jar:/Users/nbaumgartner/.gradle/caches/modules-2/files-2.1/com.badlogicgames.jlayer/jlayer/1.0.1-gdx/7cca83cec5c1b2f011362f4d85aabd71a73b049d/jlayer-1.0.1-gdx.jar:/Users/nbaumgartner/.gradle/caches/modules-2/files-2.1/org.jcraft/jorbis/0.0.17/8872d22b293e8f5d7d56ff92be966e6dc28ebdc6/jorbis-0.0.17.jar:/Users/nbaumgartner/.gradle/caches/modules-2/files-2.1/org.lwjgl.lwjgl/lwjgl-platform/2.9.2/510c7d317f5e9e700b9cfaac5fd38bdebf0702e0/lwjgl-platform-2.9.2-natives-windows.jar:/Users/nbaumgartner/.gradle/caches/modules-2/files
Launcher Type: SUN_STANDARD

Environment Variables:
PATH=/usr/bin:/bin:/usr/sbin:/sbin
SHELL=/bin/bash
DISPLAY=/private/tmp/com.apple.launchd.EKfc7gNmsg/org.macosforge.xquartz:0

Signal Handlers:
SIGSEGV: [libjvm.dylib+0x5b1141], sa_mask[0]=11111111011111110111111111111111, sa_flags=SA_ONSTACK|SA_RESTART|SA_SIGINFO
SIGBUS: [libjvm.dylib+0x5b1141], sa_mask[0]=11111111011111110111111111111111, sa_flags=SA_RESTART|SA_SIGINFO
SIGFPE: [libjvm.dylib+0x487bc4], sa_mask[0]=11111111011111110111111111111111, sa_flags=SA_RESTART|SA_SIGINFO
SIGPIPE: [libjvm.dylib+0x487bc4], sa_mask[0]=11111111011111110111111111111111, sa_flags=SA_RESTART|SA_SIGINFO
SIGXFSZ: [libjvm.dylib+0x487bc4], sa_mask[0]=11111111011111110111111111111111, sa_flags=SA_RESTART|SA_SIGINFO
SIGILL: [libjvm.dylib+0x487bc4], sa_mask[0]=11111111011111110111111111111111, sa_flags=SA_RESTART|SA_SIGINFO
SIGUSR1: SIG_DFL, sa_mask[0]=00000000000000000000000000000000, sa_flags=none
SIGUSR2: [libjvm.dylib+0x4876e2], sa_mask[0]=00100000000000000000000000000000, sa_flags=SA_RESTART|SA_SIGINFO
SIGHUP: [libjvm.dylib+0x485cb9], sa_mask[0]=11111111011111110111111111111111, sa_flags=SA_RESTART|SA_SIGINFO
SIGINT: [libjvm.dylib+0x485cb9], sa_mask[0]=11111111011111110111111111111111, sa_flags=SA_RESTART|SA_SIGINFO
SIGTERM: [libjvm.dylib+0x485cb9], sa_mask[0]=11111111011111110111111111111111, sa_flags=SA_RESTART|SA_SIGINFO
SIGQUIT: [libjvm.dylib+0x485cb9], sa_mask[0]=11111111011111110111111111111111, sa_flags=SA_RESTART|SA_SIGINFO


---------------  S Y S T E M  ---------------

OS:Bsduname:Darwin 17.7.0 Darwin Kernel Version 17.7.0: Thu Jun 21 22:53:14 PDT 2018; root:xnu-4570.71.2~1/RELEASE_X86_64 x86_64
rlimit: STACK 8192k, CORE 0k, NPROC 1418, NOFILE 10240, AS infinity
load average:2.73 2.40 2.35

CPU:total 4 (2 cores per cpu, 2 threads per core) family 6 model 78 stepping 3, cmov, cx8, fxsr, mmx, sse, sse2, sse3, ssse3, sse4.1, sse4.2, popcnt, avx, avx2, aes, clmul, erms, 3dnowpref, lzcnt, ht, tsc, tscinvbit, bmi1, bmi2, adx

Memory: 4k page, physical 16777216k(1421816k free)

/proc/meminfo:


vm_info: Java HotSpot(TM) 64-Bit Server VM (25.121-b13) for bsd-amd64 JRE (1.8.0_121-b13), built on Dec 12 2016 20:39:32 by "java_re" with gcc 4.2.1 (Based on Apple Inc. build 5658) (LLVM build 2336.11.00)

time: Sun Sep 16 10:46:23 2018
elapsed time: 7 seconds (0d 0h 0m 7s)

